[2017-02-10 06:44:13] production.ERROR: Pheanstalk\Exception\ConnectionException: Socket error 111: Connection refused (connecting to localhost:11300) in /home/vagrant/htdocs/lamp-bearers-islamic-school/vendor/pda/pheanstalk/src/Socket/NativeSocket.php:45
Stack trace:
#0 /home/vagrant/htdocs/lamp-bearers-islamic-school/vendor/pda/pheanstalk/src/Connection.php(190): Pheanstalk\Socket\NativeSocket->__construct('localhost', 11300, 2, false)
#1 /home/vagrant/htdocs/lamp-bearers-islamic-school/vendor/pda/pheanstalk/src/Connection.php(98): Pheanstalk\Connection->_getSocket()
#2 /home/vagrant/htdocs/lamp-bearers-islamic-school/vendor/pda/pheanstalk/src/Pheanstalk.php(399): Pheanstalk\Connection->dispatchCommand(Object(Pheanstalk\Command\ReserveCommand))
#3 /home/vagrant/htdocs/lamp-bearers-islamic-school/vendor/pda/pheanstalk/src/Pheanstalk.php(282): Pheanstalk\Pheanstalk->_dispatch(Object(Pheanstalk\Command\ReserveCommand))
#4 /home/vagrant/htdocs/lamp-bearers-islamic-school/vendor/laravel/framework/src/Illuminate/Queue/BeanstalkdQueue.php(117): Pheanstalk\Pheanstalk->reserve(0)
#5 /home/vagrant/htdocs/lamp-bearers-islamic-school/vendor/laravel/framework/src/Illuminate/Queue/Worker.php(175): Illuminate\Queue\BeanstalkdQueue->pop('default')
#6 /home/vagrant/htdocs/lamp-bearers-islamic-school/vendor/laravel/framework/src/Illuminate/Queue/Worker.php(145): Illuminate\Queue\Worker->getNextJob(Object(Illuminate\Queue\BeanstalkdQueue), 'default')
#7 /home/vagrant/htdocs/lamp-bearers-islamic-school/vendor/laravel/framework/src/Illuminate/Queue/Worker.php(75): Illuminate\Queue\Worker->runNextJob('beanstalkd', 'default', Object(Illuminate\Queue\WorkerOptions))
#8 /home/vagrant/htdocs/lamp-bearers-islamic-school/vendor/laravel/framework/src/Illuminate/Queue/Console/WorkCommand.php(100): Illuminate\Queue\Worker->daemon('beanstalkd', 'default', Object(Illuminate\Queue\WorkerOptions))
#9 /home/vagrant/htdocs/lamp-bearers-islamic-school/vendor/laravel/framework/src/Illuminate/Queue/Console/WorkCommand.php(83): Illuminate\Queue\Console\WorkCommand->runWorker('beanstalkd', 'default')
#10 [internal function]: Illuminate\Queue\Console\WorkCommand->fire()
#11 /home/vagrant/htdocs/lamp-bearers-islamic-school/vendor/laravel/framework/src/Illuminate/Container/Container.php(508): call_user_func_array(Array, Array)
#12 /home/vagrant/htdocs/lamp-bearers-islamic-school/vendor/laravel/framework/src/Illuminate/Console/Command.php(169): Illuminate\Container\Container->call(Array)
#13 /home/vagrant/htdocs/lamp-bearers-islamic-school/vendor/symfony/console/Command/Command.php(261): Illuminate\Console\Command->execute(Object(Symfony\Component\Console\Input\ArgvInput), Object(Symfony\Component\Console\Output\ConsoleOutput))
#14 /home/vagrant/htdocs/lamp-bearers-islamic-school/vendor/laravel/framework/src/Illuminate/Console/Command.php(155): Symfony\Component\Console\Command\Command->run(Object(Symfony\Component\Console\Input\ArgvInput), Object(Symfony\Component\Console\Output\ConsoleOutput))
#15 /home/vagrant/htdocs/lamp-bearers-islamic-school/vendor/symfony/console/Application.php(817): Illuminate\Console\Command->run(Object(Symfony\Component\Console\Input\ArgvInput), Object(Symfony\Component\Console\Output\ConsoleOutput))
#16 /home/vagrant/htdocs/lamp-bearers-islamic-school/vendor/symfony/console/Application.php(185): Symfony\Component\Console\Application->doRunCommand(Object(Illuminate\Queue\Console\WorkCommand), Object(Symfony\Component\Console\Input\ArgvInput), Object(Symfony\Component\Console\Output\ConsoleOutput))
#17 /home/vagrant/htdocs/lamp-bearers-islamic-school/vendor/symfony/console/Application.php(116): Symfony\Component\Console\Application->doRun(Object(Symfony\Component\Console\Input\ArgvInput), Object(Symfony\Component\Console\Output\ConsoleOutput))
#18 /home/vagrant/htdocs/lamp-bearers-islamic-school/vendor/laravel/framework/src/Illuminate/Foundation/Console/Kernel.php(121): Symfony\Component\Console\Application->run(Object(Symfony\Component\Console\Input\ArgvInput), Object(Symfony\Component\Console\Output\ConsoleOutput))
#19 /home/vagrant/htdocs/lamp-bearers-islamic-school/artisan(35): Illuminate\Foundation\Console\Kernel->handle(Object(Symfony\Component\Console\Input\ArgvInput), Object(Symfony\Component\Console\Output\ConsoleOutput))
#20 {main}  
[2017-02-10 06:44:13] production.ERROR: Pheanstalk\Exception\ConnectionException: Socket error 111: Connection refused (connecting to localhost:11300) in /home/vagrant/htdocs/lamp-bearers-islamic-school/vendor/pda/pheanstalk/src/Socket/NativeSocket.php:45
Stack trace:
#0 /home/vagrant/htdocs/lamp-bearers-islamic-school/vendor/pda/pheanstalk/src/Connection.php(190): Pheanstalk\Socket\NativeSocket->__construct('localhost', 11300, 2, false)
#1 /home/vagrant/htdocs/lamp-bearers-islamic-school/vendor/pda/pheanstalk/src/Connection.php(98): Pheanstalk\Connection->_getSocket()
#2 /home/vagrant/htdocs/lamp-bearers-islamic-school/vendor/pda/pheanstalk/src/Pheanstalk.php(399): Pheanstalk\Connection->dispatchCommand(Object(Pheanstalk\Command\ReserveCommand))
#3 /home/vagrant/htdocs/lamp-bearers-islamic-school/vendor/pda/pheanstalk/src/Pheanstalk.php(282): Pheanstalk\Pheanstalk->_dispatch(Object(Pheanstalk\Command\ReserveCommand))
#4 /home/vagrant/htdocs/lamp-bearers-islamic-school/vendor/laravel/framework/src/Illuminate/Queue/BeanstalkdQueue.php(117): Pheanstalk\Pheanstalk->reserve(0)
#5 /home/vagrant/htdocs/lamp-bearers-islamic-school/vendor/laravel/framework/src/Illuminate/Queue/Worker.php(175): Illuminate\Queue\BeanstalkdQueue->pop('default')
#6 /home/vagrant/htdocs/lamp-bearers-islamic-school/vendor/laravel/framework/src/Illuminate/Queue/Worker.php(145): Illuminate\Queue\Worker->getNextJob(Object(Illuminate\Queue\BeanstalkdQueue), 'default')
#7 /home/vagrant/htdocs/lamp-bearers-islamic-school/vendor/laravel/framework/src/Illuminate/Queue/Worker.php(75): Illuminate\Queue\Worker->runNextJob('beanstalkd', 'default', Object(Illuminate\Queue\WorkerOptions))
#8 /home/vagrant/htdocs/lamp-bearers-islamic-school/vendor/laravel/framework/src/Illuminate/Queue/Console/WorkCommand.php(100): Illuminate\Queue\Worker->daemon('beanstalkd', 'default', Object(Illuminate\Queue\WorkerOptions))
#9 /home/vagrant/htdocs/lamp-bearers-islamic-school/vendor/laravel/framework/src/Illuminate/Queue/Console/WorkCommand.php(83): Illuminate\Queue\Console\WorkCommand->runWorker('beanstalkd', 'default')
#10 [internal function]: Illuminate\Queue\Console\WorkCommand->fire()
#11 /home/vagrant/htdocs/lamp-bearers-islamic-school/vendor/laravel/framework/src/Illuminate/Container/Container.php(508): call_user_func_array(Array, Array)
#12 /home/vagrant/htdocs/lamp-bearers-islamic-school/vendor/laravel/framework/src/Illuminate/Console/Command.php(169): Illuminate\Container\Container->call(Array)
#13 /home/vagrant/htdocs/lamp-bearers-islamic-school/vendor/symfony/console/Command/Command.php(261): Illuminate\Console\Command->execute(Object(Symfony\Component\Console\Input\ArgvInput), Object(Symfony\Component\Console\Output\ConsoleOutput))
#14 /home/vagrant/htdocs/lamp-bearers-islamic-school/vendor/laravel/framework/src/Illuminate/Console/Command.php(155): Symfony\Component\Console\Command\Command->run(Object(Symfony\Component\Console\Input\ArgvInput), Object(Symfony\Component\Console\Output\ConsoleOutput))
#15 /home/vagrant/htdocs/lamp-bearers-islamic-school/vendor/symfony/console/Application.php(817): Illuminate\Console\Command->run(Object(Symfony\Component\Console\Input\ArgvInput), Object(Symfony\Component\Console\Output\ConsoleOutput))
#16 /home/vagrant/htdocs/lamp-bearers-islamic-school/vendor/symfony/console/Application.php(185): Symfony\Component\Console\Application->doRunCommand(Object(Illuminate\Queue\Console\WorkCommand), Object(Symfony\Component\Console\Input\ArgvInput), Object(Symfony\Component\Console\Output\ConsoleOutput))
#17 /home/vagrant/htdocs/lamp-bearers-islamic-school/vendor/symfony/console/Application.php(116): Symfony\Component\Console\Application->doRun(Object(Symfony\Component\Console\Input\ArgvInput), Object(Symfony\Component\Console\Output\ConsoleOutput))
#18 /home/vagrant/htdocs/lamp-bearers-islamic-school/vendor/laravel/framework/src/Illuminate/Foundation/Console/Kernel.php(121): Symfony\Component\Console\Application->run(Object(Symfony\Component\Console\Input\ArgvInput), Object(Symfony\Component\Console\Output\ConsoleOutput))
#19 /home/vagrant/htdocs/lamp-bearers-islamic-school/artisan(35): Illuminate\Foundation\Console\Kernel->handle(Object(Symfony\Component\Console\Input\ArgvInput), Object(Symfony\Component\Console\Output\ConsoleOutput))
#20 {main}  
[2017-02-10 06:44:13] production.ERROR: Pheanstalk\Exception\ConnectionException: Socket error 111: Connection refused (connecting to localhost:11300) in /home/vagrant/htdocs/lamp-bearers-islamic-school/vendor/pda/pheanstalk/src/Socket/NativeSocket.php:45
Stack trace:
#0 /home/vagrant/htdocs/lamp-bearers-islamic-school/vendor/pda/pheanstalk/src/Connection.php(190): Pheanstalk\Socket\NativeSocket->__construct('localhost', 11300, 2, false)
#1 /home/vagrant/htdocs/lamp-bearers-islamic-school/vendor/pda/pheanstalk/src/Connection.php(98): Pheanstalk\Connection->_getSocket()
#2 /home/vagrant/htdocs/lamp-bearers-islamic-school/vendor/pda/pheanstalk/src/Pheanstalk.php(399): Pheanstalk\Connection->dispatchCommand(Object(Pheanstalk\Command\ReserveCommand))
#3 /home/vagrant/htdocs/lamp-bearers-islamic-school/vendor/pda/pheanstalk/src/Pheanstalk.php(282): Pheanstalk\Pheanstalk->_dispatch(Object(Pheanstalk\Command\ReserveCommand))
#4 /home/vagrant/htdocs/lamp-bearers-islamic-school/vendor/laravel/framework/src/Illuminate/Queue/BeanstalkdQueue.php(117): Pheanstalk\Pheanstalk->reserve(0)
#5 /home/vagrant/htdocs/lamp-bearers-islamic-school/vendor/laravel/framework/src/Illuminate/Queue/Worker.php(175): Illuminate\Queue\BeanstalkdQueue->pop('default')
#6 /home/vagrant/htdocs/lamp-bearers-islamic-school/vendor/laravel/framework/src/Illuminate/Queue/Worker.php(145): Illuminate\Queue\Worker->getNextJob(Object(Illuminate\Queue\BeanstalkdQueue), 'default')
#7 /home/vagrant/htdocs/lamp-bearers-islamic-school/vendor/laravel/framework/src/Illuminate/Queue/Worker.php(75): Illuminate\Queue\Worker->runNextJob('beanstalkd', 'default', Object(Illuminate\Queue\WorkerOptions))
#8 /home/vagrant/htdocs/lamp-bearers-islamic-school/vendor/laravel/framework/src/Illuminate/Queue/Console/WorkCommand.php(100): Illuminate\Queue\Worker->daemon('beanstalkd', 'default', Object(Illuminate\Queue\WorkerOptions))
#9 /home/vagrant/htdocs/lamp-bearers-islamic-school/vendor/laravel/framework/src/Illuminate/Queue/Console/WorkCommand.php(83): Illuminate\Queue\Console\WorkCommand->runWorker('beanstalkd', 'default')
#10 [internal function]: Illuminate\Queue\Console\WorkCommand->fire()
#11 /home/vagrant/htdocs/lamp-bearers-islamic-school/vendor/laravel/framework/src/Illuminate/Container/Container.php(508): call_user_func_array(Array, Array)
#12 /home/vagrant/htdocs/lamp-bearers-islamic-school/vendor/laravel/framework/src/Illuminate/Console/Command.php(169): Illuminate\Container\Container->call(Array)
#13 /home/vagrant/htdocs/lamp-bearers-islamic-school/vendor/symfony/console/Command/Command.php(261): Illuminate\Console\Command->execute(Object(Symfony\Component\Console\Input\ArgvInput), Object(Symfony\Component\Console\Output\ConsoleOutput))
#14 /home/vagrant/htdocs/lamp-bearers-islamic-school/vendor/laravel/framework/src/Illuminate/Console/Command.php(155): Symfony\Component\Console\Command\Command->run(Object(Symfony\Component\Console\Input\ArgvInput), Object(Symfony\Component\Console\Output\ConsoleOutput))
#15 /home/vagrant/htdocs/lamp-bearers-islamic-school/vendor/symfony/console/Application.php(817): Illuminate\Console\Command->run(Object(Symfony\Component\Console\Input\ArgvInput), Object(Symfony\Component\Console\Output\ConsoleOutput))
#16 /home/vagrant/htdocs/lamp-bearers-islamic-school/vendor/symfony/console/Application.php(185): Symfony\Component\Console\Application->doRunCommand(Object(Illuminate\Queue\Console\WorkCommand), Object(Symfony\Component\Console\Input\ArgvInput), Object(Symfony\Component\Console\Output\ConsoleOutput))
#17 /home/vagrant/htdocs/lamp-bearers-islamic-school/vendor/symfony/console/Application.php(116): Symfony\Component\Console\Application->doRun(Object(Symfony\Component\Console\Input\ArgvInput), Object(Symfony\Component\Console\Output\ConsoleOutput))
#18 /home/vagrant/htdocs/lamp-bearers-islamic-school/vendor/laravel/framework/src/Illuminate/Foundation/Console/Kernel.php(121): Symfony\Component\Console\Application->run(Object(Symfony\Component\Console\Input\ArgvInput), Object(Symfony\Component\Console\Output\ConsoleOutput))
#19 /home/vagrant/htdocs/lamp-bearers-islamic-school/artisan(35): Illuminate\Foundation\Console\Kernel->handle(Object(Symfony\Component\Console\Input\ArgvInput), Object(Symfony\Component\Console\Output\ConsoleOutput))
#20 {main}  
[2017-02-10 06:44:13] production.ERROR: Pheanstalk\Exception\ConnectionException: Socket error 111: Connection refused (connecting to localhost:11300) in /home/vagrant/htdocs/lamp-bearers-islamic-school/vendor/pda/pheanstalk/src/Socket/NativeSocket.php:45
Stack trace:
#0 /home/vagrant/htdocs/lamp-bearers-islamic-school/vendor/pda/pheanstalk/src/Connection.php(190): Pheanstalk\Socket\NativeSocket->__construct('localhost', 11300, 2, false)
#1 /home/vagrant/htdocs/lamp-bearers-islamic-school/vendor/pda/pheanstalk/src/Connection.php(98): Pheanstalk\Connection->_getSocket()
#2 /home/vagrant/htdocs/lamp-bearers-islamic-school/vendor/pda/pheanstalk/src/Pheanstalk.php(399): Pheanstalk\Connection->dispatchCommand(Object(Pheanstalk\Command\ReserveCommand))
#3 /home/vagrant/htdocs/lamp-bearers-islamic-school/vendor/pda/pheanstalk/src/Pheanstalk.php(282): Pheanstalk\Pheanstalk->_dispatch(Object(Pheanstalk\Command\ReserveCommand))
#4 /home/vagrant/htdocs/lamp-bearers-islamic-school/vendor/laravel/framework/src/Illuminate/Queue/BeanstalkdQueue.php(117): Pheanstalk\Pheanstalk->reserve(0)
#5 /home/vagrant/htdocs/lamp-bearers-islamic-school/vendor/laravel/framework/src/Illuminate/Queue/Worker.php(175): Illuminate\Queue\BeanstalkdQueue->pop('default')
#6 /home/vagrant/htdocs/lamp-bearers-islamic-school/vendor/laravel/framework/src/Illuminate/Queue/Worker.php(145): Illuminate\Queue\Worker->getNextJob(Object(Illuminate\Queue\BeanstalkdQueue), 'default')
#7 /home/vagrant/htdocs/lamp-bearers-islamic-school/vendor/laravel/framework/src/Illuminate/Queue/Worker.php(75): Illuminate\Queue\Worker->runNextJob('beanstalkd', 'default', Object(Illuminate\Queue\WorkerOptions))
#8 /home/vagrant/htdocs/lamp-bearers-islamic-school/vendor/laravel/framework/src/Illuminate/Queue/Console/WorkCommand.php(100): Illuminate\Queue\Worker->daemon('beanstalkd', 'default', Object(Illuminate\Queue\WorkerOptions))
#9 /home/vagrant/htdocs/lamp-bearers-islamic-school/vendor/laravel/framework/src/Illuminate/Queue/Console/WorkCommand.php(83): Illuminate\Queue\Console\WorkCommand->runWorker('beanstalkd', 'default')
#10 [internal function]: Illuminate\Queue\Console\WorkCommand->fire()
#11 /home/vagrant/htdocs/lamp-bearers-islamic-school/vendor/laravel/framework/src/Illuminate/Container/Container.php(508): call_user_func_array(Array, Array)
#12 /home/vagrant/htdocs/lamp-bearers-islamic-school/vendor/laravel/framework/src/Illuminate/Console/Command.php(169): Illuminate\Container\Container->call(Array)
#13 /home/vagrant/htdocs/lamp-bearers-islamic-school/vendor/symfony/console/Command/Command.php(261): Illuminate\Console\Command->execute(Object(Symfony\Component\Console\Input\ArgvInput), Object(Symfony\Component\Console\Output\ConsoleOutput))
#14 /home/vagrant/htdocs/lamp-bearers-islamic-school/vendor/laravel/framework/src/Illuminate/Console/Command.php(155): Symfony\Component\Console\Command\Command->run(Object(Symfony\Component\Console\Input\ArgvInput), Object(Symfony\Component\Console\Output\ConsoleOutput))
#15 /home/vagrant/htdocs/lamp-bearers-islamic-school/vendor/symfony/console/Application.php(817): Illuminate\Console\Command->run(Object(Symfony\Component\Console\Input\ArgvInput), Object(Symfony\Component\Console\Output\ConsoleOutput))
#16 /home/vagrant/htdocs/lamp-bearers-islamic-school/vendor/symfony/console/Application.php(185): Symfony\Component\Console\Application->doRunCommand(Object(Illuminate\Queue\Console\WorkCommand), Object(Symfony\Component\Console\Input\ArgvInput), Object(Symfony\Component\Console\Output\ConsoleOutput))
#17 /home/vagrant/htdocs/lamp-bearers-islamic-school/vendor/symfony/console/Application.php(116): Symfony\Component\Console\Application->doRun(Object(Symfony\Component\Console\Input\ArgvInput), Object(Symfony\Component\Console\Output\ConsoleOutput))
#18 /home/vagrant/htdocs/lamp-bearers-islamic-school/vendor/laravel/framework/src/Illuminate/Foundation/Console/Kernel.php(121): Symfony\Component\Console\Application->run(Object(Symfony\Component\Console\Input\ArgvInput), Object(Symfony\Component\Console\Output\ConsoleOutput))
#19 /home/vagrant/htdocs/lamp-bearers-islamic-school/artisan(35): Illuminate\Foundation\Console\Kernel->handle(Object(Symfony\Component\Console\Input\ArgvInput), Object(Symfony\Component\Console\Output\ConsoleOutput))
#20 {main}  
[2017-02-10 06:44:13] production.ERROR: Pheanstalk\Exception\ConnectionException: Socket error 111: Connection refused (connecting to localhost:11300) in /home/vagrant/htdocs/lamp-bearers-islamic-school/vendor/pda/pheanstalk/src/Socket/NativeSocket.php:45
Stack trace:
#0 /home/vagrant/htdocs/lamp-bearers-islamic-school/vendor/pda/pheanstalk/src/Connection.php(190): Pheanstalk\Socket\NativeSocket->__construct('localhost', 11300, 2, false)
#1 /home/vagrant/htdocs/lamp-bearers-islamic-school/vendor/pda/pheanstalk/src/Connection.php(98): Pheanstalk\Connection->_getSocket()
#2 /home/vagrant/htdocs/lamp-bearers-islamic-school/vendor/pda/pheanstalk/src/Pheanstalk.php(399): Pheanstalk\Connection->dispatchCommand(Object(Pheanstalk\Command\ReserveCommand))
#3 /home/vagrant/htdocs/lamp-bearers-islamic-school/vendor/pda/pheanstalk/src/Pheanstalk.php(282): Pheanstalk\Pheanstalk->_dispatch(Object(Pheanstalk\Command\ReserveCommand))
#4 /home/vagrant/htdocs/lamp-bearers-islamic-school/vendor/laravel/framework/src/Illuminate/Queue/BeanstalkdQueue.php(117): Pheanstalk\Pheanstalk->reserve(0)
#5 /home/vagrant/htdocs/lamp-bearers-islamic-school/vendor/laravel/framework/src/Illuminate/Queue/Worker.php(175): Illuminate\Queue\BeanstalkdQueue->pop('default')
#6 /home/vagrant/htdocs/lamp-bearers-islamic-school/vendor/laravel/framework/src/Illuminate/Queue/Worker.php(145): Illuminate\Queue\Worker->getNextJob(Object(Illuminate\Queue\BeanstalkdQueue), 'default')
#7 /home/vagrant/htdocs/lamp-bearers-islamic-school/vendor/laravel/framework/src/Illuminate/Queue/Worker.php(75): Illuminate\Queue\Worker->runNextJob('beanstalkd', 'default', Object(Illuminate\Queue\WorkerOptions))
#8 /home/vagrant/htdocs/lamp-bearers-islamic-school/vendor/laravel/framework/src/Illuminate/Queue/Console/WorkCommand.php(100): Illuminate\Queue\Worker->daemon('beanstalkd', 'default', Object(Illuminate\Queue\WorkerOptions))
#9 /home/vagrant/htdocs/lamp-bearers-islamic-school/vendor/laravel/framework/src/Illuminate/Queue/Console/WorkCommand.php(83): Illuminate\Queue\Console\WorkCommand->runWorker('beanstalkd', 'default')
#10 [internal function]: Illuminate\Queue\Console\WorkCommand->fire()
#11 /home/vagrant/htdocs/lamp-bearers-islamic-school/vendor/laravel/framework/src/Illuminate/Container/Container.php(508): call_user_func_array(Array, Array)
#12 /home/vagrant/htdocs/lamp-bearers-islamic-school/vendor/laravel/framework/src/Illuminate/Console/Command.php(169): Illuminate\Container\Container->call(Array)
#13 /home/vagrant/htdocs/lamp-bearers-islamic-school/vendor/symfony/console/Command/Command.php(261): Illuminate\Console\Command->execute(Object(Symfony\Component\Console\Input\ArgvInput), Object(Symfony\Component\Console\Output\ConsoleOutput))
#14 /home/vagrant/htdocs/lamp-bearers-islamic-school/vendor/laravel/framework/src/Illuminate/Console/Command.php(155): Symfony\Component\Console\Command\Command->run(Object(Symfony\Component\Console\Input\ArgvInput), Object(Symfony\Component\Console\Output\ConsoleOutput))
#15 /home/vagrant/htdocs/lamp-bearers-islamic-school/vendor/symfony/console/Application.php(817): Illuminate\Console\Command->run(Object(Symfony\Component\Console\Input\ArgvInput), Object(Symfony\Component\Console\Output\ConsoleOutput))
#16 /home/vagrant/htdocs/lamp-bearers-islamic-school/vendor/symfony/console/Application.php(185): Symfony\Component\Console\Application->doRunCommand(Object(Illuminate\Queue\Console\WorkCommand), Object(Symfony\Component\Console\Input\ArgvInput), Object(Symfony\Component\Console\Output\ConsoleOutput))
#17 /home/vagrant/htdocs/lamp-bearers-islamic-school/vendor/symfony/console/Application.php(116): Symfony\Component\Console\Application->doRun(Object(Symfony\Component\Console\Input\ArgvInput), Object(Symfony\Component\Console\Output\ConsoleOutput))
#18 /home/vagrant/htdocs/lamp-bearers-islamic-school/vendor/laravel/framework/src/Illuminate/Foundation/Console/Kernel.php(121): Symfony\Component\Console\Application->run(Object(Symfony\Component\Console\Input\ArgvInput), Object(Symfony\Component\Console\Output\ConsoleOutput))
#19 /home/vagrant/htdocs/lamp-bearers-islamic-school/artisan(35): Illuminate\Foundation\Console\Kernel->handle(Object(Symfony\Component\Console\Input\ArgvInput), Object(Symfony\Component\Console\Output\ConsoleOutput))
#20 {main}  
[2017-02-10 06:44:13] production.ERROR: Pheanstalk\Exception\ConnectionException: Socket error 111: Connection refused (connecting to localhost:11300) in /home/vagrant/htdocs/lamp-bearers-islamic-school/vendor/pda/pheanstalk/src/Socket/NativeSocket.php:45
Stack trace:
#0 /home/vagrant/htdocs/lamp-bearers-islamic-school/vendor/pda/pheanstalk/src/Connection.php(190): Pheanstalk\Socket\NativeSocket->__construct('localhost', 11300, 2, false)
#1 /home/vagrant/htdocs/lamp-bearers-islamic-school/vendor/pda/pheanstalk/src/Connection.php(98): Pheanstalk\Connection->_getSocket()
#2 /home/vagrant/htdocs/lamp-bearers-islamic-school/vendor/pda/pheanstalk/src/Pheanstalk.php(399): Pheanstalk\Connection->dispatchCommand(Object(Pheanstalk\Command\ReserveCommand))
#3 /home/vagrant/htdocs/lamp-bearers-islamic-school/vendor/pda/pheanstalk/src/Pheanstalk.php(282): Pheanstalk\Pheanstalk->_dispatch(Object(Pheanstalk\Command\ReserveCommand))
#4 /home/vagrant/htdocs/lamp-bearers-islamic-school/vendor/laravel/framework/src/Illuminate/Queue/BeanstalkdQueue.php(117): Pheanstalk\Pheanstalk->reserve(0)
#5 /home/vagrant/htdocs/lamp-bearers-islamic-school/vendor/laravel/framework/src/Illuminate/Queue/Worker.php(175): Illuminate\Queue\BeanstalkdQueue->pop('default')
#6 /home/vagrant/htdocs/lamp-bearers-islamic-school/vendor/laravel/framework/src/Illuminate/Queue/Worker.php(145): Illuminate\Queue\Worker->getNextJob(Object(Illuminate\Queue\BeanstalkdQueue), 'default')
#7 /home/vagrant/htdocs/lamp-bearers-islamic-school/vendor/laravel/framework/src/Illuminate/Queue/Worker.php(75): Illuminate\Queue\Worker->runNextJob('beanstalkd', 'default', Object(Illuminate\Queue\WorkerOptions))
#8 /home/vagrant/htdocs/lamp-bearers-islamic-school/vendor/laravel/framework/src/Illuminate/Queue/Console/WorkCommand.php(100): Illuminate\Queue\Worker->daemon('beanstalkd', 'default', Object(Illuminate\Queue\WorkerOptions))
#9 /home/vagrant/htdocs/lamp-bearers-islamic-school/vendor/laravel/framework/src/Illuminate/Queue/Console/WorkCommand.php(83): Illuminate\Queue\Console\WorkCommand->runWorker('beanstalkd', 'default')
#10 [internal function]: Illuminate\Queue\Console\WorkCommand->fire()
#11 /home/vagrant/htdocs/lamp-bearers-islamic-school/vendor/laravel/framework/src/Illuminate/Container/Container.php(508): call_user_func_array(Array, Array)
#12 /home/vagrant/htdocs/lamp-bearers-islamic-school/vendor/laravel/framework/src/Illuminate/Console/Command.php(169): Illuminate\Container\Container->call(Array)
#13 /home/vagrant/htdocs/lamp-bearers-islamic-school/vendor/symfony/console/Command/Command.php(261): Illuminate\Console\Command->execute(Object(Symfony\Component\Console\Input\ArgvInput), Object(Symfony\Component\Console\Output\ConsoleOutput))
#14 /home/vagrant/htdocs/lamp-bearers-islamic-school/vendor/laravel/framework/src/Illuminate/Console/Command.php(155): Symfony\Component\Console\Command\Command->run(Object(Symfony\Component\Console\Input\ArgvInput), Object(Symfony\Component\Console\Output\ConsoleOutput))
#15 /home/vagrant/htdocs/lamp-bearers-islamic-school/vendor/symfony/console/Application.php(817): Illuminate\Console\Command->run(Object(Symfony\Component\Console\Input\ArgvInput), Object(Symfony\Component\Console\Output\ConsoleOutput))
#16 /home/vagrant/htdocs/lamp-bearers-islamic-school/vendor/symfony/console/Application.php(185): Symfony\Component\Console\Application->doRunCommand(Object(Illuminate\Queue\Console\WorkCommand), Object(Symfony\Component\Console\Input\ArgvInput), Object(Symfony\Component\Console\Output\ConsoleOutput))
#17 /home/vagrant/htdocs/lamp-bearers-islamic-school/vendor/symfony/console/Application.php(116): Symfony\Component\Console\Application->doRun(Object(Symfony\Component\Console\Input\ArgvInput), Object(Symfony\Component\Console\Output\ConsoleOutput))
#18 /home/vagrant/htdocs/lamp-bearers-islamic-school/vendor/laravel/framework/src/Illuminate/Foundation/Console/Kernel.php(121): Symfony\Component\Console\Application->run(Object(Symfony\Component\Console\Input\ArgvInput), Object(Symfony\Component\Console\Output\ConsoleOutput))
#19 /home/vagrant/htdocs/lamp-bearers-islamic-school/artisan(35): Illuminate\Foundation\Console\Kernel->handle(Object(Symfony\Component\Console\Input\ArgvInput), Object(Symfony\Component\Console\Output\ConsoleOutput))
#20 {main}  
[2017-02-10 06:44:13] production.ERROR: Pheanstalk\Exception\ConnectionException: Socket error 111: Connection refused (connecting to localhost:11300) in /home/vagrant/htdocs/lamp-bearers-islamic-school/vendor/pda/pheanstalk/src/Socket/NativeSocket.php:45
Stack trace:
#0 /home/vagrant/htdocs/lamp-bearers-islamic-school/vendor/pda/pheanstalk/src/Connection.php(190): Pheanstalk\Socket\NativeSocket->__construct('localhost', 11300, 2, false)
#1 /home/vagrant/htdocs/lamp-bearers-islamic-school/vendor/pda/pheanstalk/src/Connection.php(98): Pheanstalk\Connection->_getSocket()
#2 /home/vagrant/htdocs/lamp-bearers-islamic-school/vendor/pda/pheanstalk/src/Pheanstalk.php(399): Pheanstalk\Connection->dispatchCommand(Object(Pheanstalk\Command\ReserveCommand))
#3 /home/vagrant/htdocs/lamp-bearers-islamic-school/vendor/pda/pheanstalk/src/Pheanstalk.php(282): Pheanstalk\Pheanstalk->_dispatch(Object(Pheanstalk\Command\ReserveCommand))
#4 /home/vagrant/htdocs/lamp-bearers-islamic-school/vendor/laravel/framework/src/Illuminate/Queue/BeanstalkdQueue.php(117): Pheanstalk\Pheanstalk->reserve(0)
#5 /home/vagrant/htdocs/lamp-bearers-islamic-school/vendor/laravel/framework/src/Illuminate/Queue/Worker.php(175): Illuminate\Queue\BeanstalkdQueue->pop('default')
#6 /home/vagrant/htdocs/lamp-bearers-islamic-school/vendor/laravel/framework/src/Illuminate/Queue/Worker.php(145): Illuminate\Queue\Worker->getNextJob(Object(Illuminate\Queue\BeanstalkdQueue), 'default')
#7 /home/vagrant/htdocs/lamp-bearers-islamic-school/vendor/laravel/framework/src/Illuminate/Queue/Worker.php(75): Illuminate\Queue\Worker->runNextJob('beanstalkd', 'default', Object(Illuminate\Queue\WorkerOptions))
#8 /home/vagrant/htdocs/lamp-bearers-islamic-school/vendor/laravel/framework/src/Illuminate/Queue/Console/WorkCommand.php(100): Illuminate\Queue\Worker->daemon('beanstalkd', 'default', Object(Illuminate\Queue\WorkerOptions))
#9 /home/vagrant/htdocs/lamp-bearers-islamic-school/vendor/laravel/framework/src/Illuminate/Queue/Console/WorkCommand.php(83): Illuminate\Queue\Console\WorkCommand->runWorker('beanstalkd', 'default')
#10 [internal function]: Illuminate\Queue\Console\WorkCommand->fire()
#11 /home/vagrant/htdocs/lamp-bearers-islamic-school/vendor/laravel/framework/src/Illuminate/Container/Container.php(508): call_user_func_array(Array, Array)
#12 /home/vagrant/htdocs/lamp-bearers-islamic-school/vendor/laravel/framework/src/Illuminate/Console/Command.php(169): Illuminate\Container\Container->call(Array)
#13 /home/vagrant/htdocs/lamp-bearers-islamic-school/vendor/symfony/console/Command/Command.php(261): Illuminate\Console\Command->execute(Object(Symfony\Component\Console\Input\ArgvInput), Object(Symfony\Component\Console\Output\ConsoleOutput))
#14 /home/vagrant/htdocs/lamp-bearers-islamic-school/vendor/laravel/framework/src/Illuminate/Console/Command.php(155): Symfony\Component\Console\Command\Command->run(Object(Symfony\Component\Console\Input\ArgvInput), Object(Symfony\Component\Console\Output\ConsoleOutput))
#15 /home/vagrant/htdocs/lamp-bearers-islamic-school/vendor/symfony/console/Application.php(817): Illuminate\Console\Command->run(Object(Symfony\Component\Console\Input\ArgvInput), Object(Symfony\Component\Console\Output\ConsoleOutput))
#16 /home/vagrant/htdocs/lamp-bearers-islamic-school/vendor/symfony/console/Application.php(185): Symfony\Component\Console\Application->doRunCommand(Object(Illuminate\Queue\Console\WorkCommand), Object(Symfony\Component\Console\Input\ArgvInput), Object(Symfony\Component\Console\Output\ConsoleOutput))
#17 /home/vagrant/htdocs/lamp-bearers-islamic-school/vendor/symfony/console/Application.php(116): Symfony\Component\Console\Application->doRun(Object(Symfony\Component\Console\Input\ArgvInput), Object(Symfony\Component\Console\Output\ConsoleOutput))
#18 /home/vagrant/htdocs/lamp-bearers-islamic-school/vendor/laravel/framework/src/Illuminate/Foundation/Console/Kernel.php(121): Symfony\Component\Console\Application->run(Object(Symfony\Component\Console\Input\ArgvInput), Object(Symfony\Component\Console\Output\ConsoleOutput))
#19 /home/vagrant/htdocs/lamp-bearers-islamic-school/artisan(35): Illuminate\Foundation\Console\Kernel->handle(Object(Symfony\Component\Console\Input\ArgvInput), Object(Symfony\Component\Console\Output\ConsoleOutput))
#20 {main}  
[2017-02-10 06:44:13] production.ERROR: Pheanstalk\Exception\ConnectionException: Socket error 111: Connection refused (connecting to localhost:11300) in /home/vagrant/htdocs/lamp-bearers-islamic-school/vendor/pda/pheanstalk/src/Socket/NativeSocket.php:45
Stack trace:
#0 /home/vagrant/htdocs/lamp-bearers-islamic-school/vendor/pda/pheanstalk/src/Connection.php(190): Pheanstalk\Socket\NativeSocket->__construct('localhost', 11300, 2, false)
#1 /home/vagrant/htdocs/lamp-bearers-islamic-school/vendor/pda/pheanstalk/src/Connection.php(98): Pheanstalk\Connection->_getSocket()
#2 /home/vagrant/htdocs/lamp-bearers-islamic-school/vendor/pda/pheanstalk/src/Pheanstalk.php(399): Pheanstalk\Connection->dispatchCommand(Object(Pheanstalk\Command\ReserveCommand))
#3 /home/vagrant/htdocs/lamp-bearers-islamic-school/vendor/pda/pheanstalk/src/Pheanstalk.php(282): Pheanstalk\Pheanstalk->_dispatch(Object(Pheanstalk\Command\ReserveCommand))
#4 /home/vagrant/htdocs/lamp-bearers-islamic-school/vendor/laravel/framework/src/Illuminate/Queue/BeanstalkdQueue.php(117): Pheanstalk\Pheanstalk->reserve(0)
#5 /home/vagrant/htdocs/lamp-bearers-islamic-school/vendor/laravel/framework/src/Illuminate/Queue/Worker.php(175): Illuminate\Queue\BeanstalkdQueue->pop('default')
#6 /home/vagrant/htdocs/lamp-bearers-islamic-school/vendor/laravel/framework/src/Illuminate/Queue/Worker.php(145): Illuminate\Queue\Worker->getNextJob(Object(Illuminate\Queue\BeanstalkdQueue), 'default')
#7 /home/vagrant/htdocs/lamp-bearers-islamic-school/vendor/laravel/framework/src/Illuminate/Queue/Worker.php(75): Illuminate\Queue\Worker->runNextJob('beanstalkd', 'default', Object(Illuminate\Queue\WorkerOptions))
#8 /home/vagrant/htdocs/lamp-bearers-islamic-school/vendor/laravel/framework/src/Illuminate/Queue/Console/WorkCommand.php(100): Illuminate\Queue\Worker->daemon('beanstalkd', 'default', Object(Illuminate\Queue\WorkerOptions))
#9 /home/vagrant/htdocs/lamp-bearers-islamic-school/vendor/laravel/framework/src/Illuminate/Queue/Console/WorkCommand.php(83): Illuminate\Queue\Console\WorkCommand->runWorker('beanstalkd', 'default')
#10 [internal function]: Illuminate\Queue\Console\WorkCommand->fire()
#11 /home/vagrant/htdocs/lamp-bearers-islamic-school/vendor/laravel/framework/src/Illuminate/Container/Container.php(508): call_user_func_array(Array, Array)
#12 /home/vagrant/htdocs/lamp-bearers-islamic-school/vendor/laravel/framework/src/Illuminate/Console/Command.php(169): Illuminate\Container\Container->call(Array)
#13 /home/vagrant/htdocs/lamp-bearers-islamic-school/vendor/symfony/console/Command/Command.php(261): Illuminate\Console\Command->execute(Object(Symfony\Component\Console\Input\ArgvInput), Object(Symfony\Component\Console\Output\ConsoleOutput))
#14 /home/vagrant/htdocs/lamp-bearers-islamic-school/vendor/laravel/framework/src/Illuminate/Console/Command.php(155): Symfony\Component\Console\Command\Command->run(Object(Symfony\Component\Console\Input\ArgvInput), Object(Symfony\Component\Console\Output\ConsoleOutput))
#15 /home/vagrant/htdocs/lamp-bearers-islamic-school/vendor/symfony/console/Application.php(817): Illuminate\Console\Command->run(Object(Symfony\Component\Console\Input\ArgvInput), Object(Symfony\Component\Console\Output\ConsoleOutput))
#16 /home/vagrant/htdocs/lamp-bearers-islamic-school/vendor/symfony/console/Application.php(185): Symfony\Component\Console\Application->doRunCommand(Object(Illuminate\Queue\Console\WorkCommand), Object(Symfony\Component\Console\Input\ArgvInput), Object(Symfony\Component\Console\Output\ConsoleOutput))
#17 /home/vagrant/htdocs/lamp-bearers-islamic-school/vendor/symfony/console/Application.php(116): Symfony\Component\Console\Application->doRun(Object(Symfony\Component\Console\Input\ArgvInput), Object(Symfony\Component\Console\Output\ConsoleOutput))
#18 /home/vagrant/htdocs/lamp-bearers-islamic-school/vendor/laravel/framework/src/Illuminate/Foundation/Console/Kernel.php(121): Symfony\Component\Console\Application->run(Object(Symfony\Component\Console\Input\ArgvInput), Object(Symfony\Component\Console\Output\ConsoleOutput))
#19 /home/vagrant/htdocs/lamp-bearers-islamic-school/artisan(35): Illuminate\Foundation\Console\Kernel->handle(Object(Symfony\Component\Console\Input\ArgvInput), Object(Symfony\Component\Console\Output\ConsoleOutput))
#20 {main}  
