[2016-12-12 16:30:51] local.ERROR: PDOException: SQLSTATE[HY000] [2002] No connection could be made because the target machine actively refused it.
 in C:\xampp\htdocs\schoolite-offline-v1\vendor\laravel\framework\src\Illuminate\Database\Connectors\Connector.php:119
Stack trace:
#0 C:\xampp\htdocs\schoolite-offline-v1\vendor\laravel\framework\src\Illuminate\Database\Connectors\Connector.php(119): PDO->__construct('mysql:host=127....', 'redehubng', 'Islam4you', Array)
#1 C:\xampp\htdocs\schoolite-offline-v1\vendor\laravel\framework\src\Illuminate\Database\Connectors\Connector.php(56): Illuminate\Database\Connectors\Connector->createPdoConnection('mysql:host=127....', 'redehubng', 'Islam4you', Array)
#2 C:\xampp\htdocs\schoolite-offline-v1\vendor\laravel\framework\src\Illuminate\Database\Connectors\MySqlConnector.php(24): Illuminate\Database\Connectors\Connector->createConnection('mysql:host=127....', Array, Array)
#3 C:\xampp\htdocs\schoolite-offline-v1\vendor\laravel\framework\src\Illuminate\Database\Connectors\ConnectionFactory.php(126): Illuminate\Database\Connectors\MySqlConnector->connect(Array)
#4 [internal function]: Illuminate\Database\Connectors\ConnectionFactory->Illuminate\Database\Connectors\{closure}()
#5 C:\xampp\htdocs\schoolite-offline-v1\vendor\laravel\framework\src\Illuminate\Database\Connection.php(964): call_user_func(Object(Closure))
#6 C:\xampp\htdocs\schoolite-offline-v1\vendor\laravel\framework\src\Illuminate\Database\Connection.php(985): Illuminate\Database\Connection->getPdo()
#7 C:\xampp\htdocs\schoolite-offline-v1\vendor\laravel\framework\src\Illuminate\Database\Connection.php(422): Illuminate\Database\Connection->getReadPdo()
#8 C:\xampp\htdocs\schoolite-offline-v1\vendor\laravel\framework\src\Illuminate\Database\Connection.php(332): Illuminate\Database\Connection->getPdoForSelect(true)
#9 C:\xampp\htdocs\schoolite-offline-v1\vendor\laravel\framework\src\Illuminate\Database\Connection.php(762): Illuminate\Database\Connection->Illuminate\Database\{closure}(Object(Illuminate\Database\MySqlConnection), 'select * from i...', Array)
#10 C:\xampp\htdocs\schoolite-offline-v1\vendor\laravel\framework\src\Illuminate\Database\Connection.php(725): Illuminate\Database\Connection->runQueryCallback('select * from i...', Array, Object(Closure))
#11 C:\xampp\htdocs\schoolite-offline-v1\vendor\laravel\framework\src\Illuminate\Database\Connection.php(350): Illuminate\Database\Connection->run('select * from i...', Array, Object(Closure))
#12 C:\xampp\htdocs\schoolite-offline-v1\vendor\laravel\framework\src\Illuminate\Database\Schema\MySqlBuilder.php(21): Illuminate\Database\Connection->select('select * from i...', Array)
#13 C:\xampp\htdocs\schoolite-offline-v1\vendor\laravel\framework\src\Illuminate\Support\Facades\Facade.php(237): Illuminate\Database\Schema\MySqlBuilder->hasTable('sessions')
#14 C:\xampp\htdocs\schoolite-offline-v1\app\Providers\AppServiceProvider.php(22): Illuminate\Support\Facades\Facade::__callStatic('hasTable', Array)
#15 [internal function]: App\Providers\AppServiceProvider->boot()
#16 C:\xampp\htdocs\schoolite-offline-v1\vendor\laravel\framework\src\Illuminate\Container\Container.php(508): call_user_func_array(Array, Array)
#17 C:\xampp\htdocs\schoolite-offline-v1\vendor\laravel\framework\src\Illuminate\Foundation\Application.php(769): Illuminate\Container\Container->call(Array)
#18 C:\xampp\htdocs\schoolite-offline-v1\vendor\laravel\framework\src\Illuminate\Foundation\Application.php(752): Illuminate\Foundation\Application->bootProvider(Object(App\Providers\AppServiceProvider))
#19 [internal function]: Illuminate\Foundation\Application->Illuminate\Foundation\{closure}(Object(App\Providers\AppServiceProvider), 12)
#20 C:\xampp\htdocs\schoolite-offline-v1\vendor\laravel\framework\src\Illuminate\Foundation\Application.php(753): array_walk(Array, Object(Closure))
#21 C:\xampp\htdocs\schoolite-offline-v1\vendor\laravel\framework\src\Illuminate\Foundation\Bootstrap\BootProviders.php(17): Illuminate\Foundation\Application->boot()
#22 C:\xampp\htdocs\schoolite-offline-v1\vendor\laravel\framework\src\Illuminate\Foundation\Application.php(203): Illuminate\Foundation\Bootstrap\BootProviders->bootstrap(Object(Illuminate\Foundation\Application))
#23 C:\xampp\htdocs\schoolite-offline-v1\vendor\laravel\framework\src\Illuminate\Foundation\Console\Kernel.php(267): Illuminate\Foundation\Application->bootstrapWith(Array)
#24 C:\xampp\htdocs\schoolite-offline-v1\vendor\laravel\framework\src\Illuminate\Foundation\Console\Kernel.php(113): Illuminate\Foundation\Console\Kernel->bootstrap()
#25 C:\xampp\htdocs\schoolite-offline-v1\artisan(35): Illuminate\Foundation\Console\Kernel->handle(Object(Symfony\Component\Console\Input\ArgvInput), Object(Symfony\Component\Console\Output\ConsoleOutput))
#26 {main}  
[2016-12-12 16:30:51] local.ERROR: PDOException: SQLSTATE[HY000] [2002] No connection could be made because the target machine actively refused it.
 in C:\xampp\htdocs\schoolite-offline-v1\vendor\laravel\framework\src\Illuminate\Database\Connectors\Connector.php:119
Stack trace:
#0 C:\xampp\htdocs\schoolite-offline-v1\vendor\laravel\framework\src\Illuminate\Database\Connectors\Connector.php(119): PDO->__construct('mysql:host=127....', 'redehubng', 'Islam4you', Array)
#1 C:\xampp\htdocs\schoolite-offline-v1\vendor\laravel\framework\src\Illuminate\Database\Connectors\Connector.php(56): Illuminate\Database\Connectors\Connector->createPdoConnection('mysql:host=127....', 'redehubng', 'Islam4you', Array)
#2 C:\xampp\htdocs\schoolite-offline-v1\vendor\laravel\framework\src\Illuminate\Database\Connectors\MySqlConnector.php(24): Illuminate\Database\Connectors\Connector->createConnection('mysql:host=127....', Array, Array)
#3 C:\xampp\htdocs\schoolite-offline-v1\vendor\laravel\framework\src\Illuminate\Database\Connectors\ConnectionFactory.php(126): Illuminate\Database\Connectors\MySqlConnector->connect(Array)
#4 [internal function]: Illuminate\Database\Connectors\ConnectionFactory->Illuminate\Database\Connectors\{closure}()
#5 C:\xampp\htdocs\schoolite-offline-v1\vendor\laravel\framework\src\Illuminate\Database\Connection.php(964): call_user_func(Object(Closure))
#6 C:\xampp\htdocs\schoolite-offline-v1\vendor\laravel\framework\src\Illuminate\Database\Connection.php(985): Illuminate\Database\Connection->getPdo()
#7 C:\xampp\htdocs\schoolite-offline-v1\vendor\laravel\framework\src\Illuminate\Database\Connection.php(422): Illuminate\Database\Connection->getReadPdo()
#8 C:\xampp\htdocs\schoolite-offline-v1\vendor\laravel\framework\src\Illuminate\Database\Connection.php(332): Illuminate\Database\Connection->getPdoForSelect(true)
#9 C:\xampp\htdocs\schoolite-offline-v1\vendor\laravel\framework\src\Illuminate\Database\Connection.php(762): Illuminate\Database\Connection->Illuminate\Database\{closure}(Object(Illuminate\Database\MySqlConnection), 'select * from i...', Array)
#10 C:\xampp\htdocs\schoolite-offline-v1\vendor\laravel\framework\src\Illuminate\Database\Connection.php(725): Illuminate\Database\Connection->runQueryCallback('select * from i...', Array, Object(Closure))
#11 C:\xampp\htdocs\schoolite-offline-v1\vendor\laravel\framework\src\Illuminate\Database\Connection.php(350): Illuminate\Database\Connection->run('select * from i...', Array, Object(Closure))
#12 C:\xampp\htdocs\schoolite-offline-v1\vendor\laravel\framework\src\Illuminate\Database\Schema\MySqlBuilder.php(21): Illuminate\Database\Connection->select('select * from i...', Array)
#13 C:\xampp\htdocs\schoolite-offline-v1\vendor\laravel\framework\src\Illuminate\Support\Facades\Facade.php(237): Illuminate\Database\Schema\MySqlBuilder->hasTable('sessions')
#14 C:\xampp\htdocs\schoolite-offline-v1\app\Providers\AppServiceProvider.php(22): Illuminate\Support\Facades\Facade::__callStatic('hasTable', Array)
#15 [internal function]: App\Providers\AppServiceProvider->boot()
#16 C:\xampp\htdocs\schoolite-offline-v1\vendor\laravel\framework\src\Illuminate\Container\Container.php(508): call_user_func_array(Array, Array)
#17 C:\xampp\htdocs\schoolite-offline-v1\vendor\laravel\framework\src\Illuminate\Foundation\Application.php(769): Illuminate\Container\Container->call(Array)
#18 C:\xampp\htdocs\schoolite-offline-v1\vendor\laravel\framework\src\Illuminate\Foundation\Application.php(752): Illuminate\Foundation\Application->bootProvider(Object(App\Providers\AppServiceProvider))
#19 [internal function]: Illuminate\Foundation\Application->Illuminate\Foundation\{closure}(Object(App\Providers\AppServiceProvider), 12)
#20 C:\xampp\htdocs\schoolite-offline-v1\vendor\laravel\framework\src\Illuminate\Foundation\Application.php(753): array_walk(Array, Object(Closure))
#21 C:\xampp\htdocs\schoolite-offline-v1\vendor\laravel\framework\src\Illuminate\Foundation\Bootstrap\BootProviders.php(17): Illuminate\Foundation\Application->boot()
#22 C:\xampp\htdocs\schoolite-offline-v1\vendor\laravel\framework\src\Illuminate\Foundation\Application.php(203): Illuminate\Foundation\Bootstrap\BootProviders->bootstrap(Object(Illuminate\Foundation\Application))
#23 C:\xampp\htdocs\schoolite-offline-v1\vendor\laravel\framework\src\Illuminate\Foundation\Console\Kernel.php(267): Illuminate\Foundation\Application->bootstrapWith(Array)
#24 C:\xampp\htdocs\schoolite-offline-v1\vendor\laravel\framework\src\Illuminate\Foundation\Console\Kernel.php(113): Illuminate\Foundation\Console\Kernel->bootstrap()
#25 C:\xampp\htdocs\schoolite-offline-v1\artisan(35): Illuminate\Foundation\Console\Kernel->handle(Object(Symfony\Component\Console\Input\ArgvInput), Object(Symfony\Component\Console\Output\ConsoleOutput))
#26 {main}

Next Illuminate\Database\QueryException: SQLSTATE[HY000] [2002] No connection could be made because the target machine actively refused it.
 (SQL: select * from information_schema.tables where table_schema = redehubng_basic_portal and table_name = sessions) in C:\xampp\htdocs\schoolite-offline-v1\vendor\laravel\framework\src\Illuminate\Database\Connection.php:769
Stack trace:
#0 C:\xampp\htdocs\schoolite-offline-v1\vendor\laravel\framework\src\Illuminate\Database\Connection.php(725): Illuminate\Database\Connection->runQueryCallback('select * from i...', Array, Object(Closure))
#1 C:\xampp\htdocs\schoolite-offline-v1\vendor\laravel\framework\src\Illuminate\Database\Connection.php(350): Illuminate\Database\Connection->run('select * from i...', Array, Object(Closure))
#2 C:\xampp\htdocs\schoolite-offline-v1\vendor\laravel\framework\src\Illuminate\Database\Schema\MySqlBuilder.php(21): Illuminate\Database\Connection->select('select * from i...', Array)
#3 C:\xampp\htdocs\schoolite-offline-v1\vendor\laravel\framework\src\Illuminate\Support\Facades\Facade.php(237): Illuminate\Database\Schema\MySqlBuilder->hasTable('sessions')
#4 C:\xampp\htdocs\schoolite-offline-v1\app\Providers\AppServiceProvider.php(22): Illuminate\Support\Facades\Facade::__callStatic('hasTable', Array)
#5 [internal function]: App\Providers\AppServiceProvider->boot()
#6 C:\xampp\htdocs\schoolite-offline-v1\vendor\laravel\framework\src\Illuminate\Container\Container.php(508): call_user_func_array(Array, Array)
#7 C:\xampp\htdocs\schoolite-offline-v1\vendor\laravel\framework\src\Illuminate\Foundation\Application.php(769): Illuminate\Container\Container->call(Array)
#8 C:\xampp\htdocs\schoolite-offline-v1\vendor\laravel\framework\src\Illuminate\Foundation\Application.php(752): Illuminate\Foundation\Application->bootProvider(Object(App\Providers\AppServiceProvider))
#9 [internal function]: Illuminate\Foundation\Application->Illuminate\Foundation\{closure}(Object(App\Providers\AppServiceProvider), 12)
#10 C:\xampp\htdocs\schoolite-offline-v1\vendor\laravel\framework\src\Illuminate\Foundation\Application.php(753): array_walk(Array, Object(Closure))
#11 C:\xampp\htdocs\schoolite-offline-v1\vendor\laravel\framework\src\Illuminate\Foundation\Bootstrap\BootProviders.php(17): Illuminate\Foundation\Application->boot()
#12 C:\xampp\htdocs\schoolite-offline-v1\vendor\laravel\framework\src\Illuminate\Foundation\Application.php(203): Illuminate\Foundation\Bootstrap\BootProviders->bootstrap(Object(Illuminate\Foundation\Application))
#13 C:\xampp\htdocs\schoolite-offline-v1\vendor\laravel\framework\src\Illuminate\Foundation\Console\Kernel.php(267): Illuminate\Foundation\Application->bootstrapWith(Array)
#14 C:\xampp\htdocs\schoolite-offline-v1\vendor\laravel\framework\src\Illuminate\Foundation\Console\Kernel.php(113): Illuminate\Foundation\Console\Kernel->bootstrap()
#15 C:\xampp\htdocs\schoolite-offline-v1\artisan(35): Illuminate\Foundation\Console\Kernel->handle(Object(Symfony\Component\Console\Input\ArgvInput), Object(Symfony\Component\Console\Output\ConsoleOutput))
#16 {main}  
[2016-12-12 16:36:19] local.ERROR: PDOException: SQLSTATE[HY000] [2002] No connection could be made because the target machine actively refused it.
 in C:\xampp\htdocs\schoolite-offline-v1\vendor\laravel\framework\src\Illuminate\Database\Connectors\Connector.php:119
Stack trace:
#0 C:\xampp\htdocs\schoolite-offline-v1\vendor\laravel\framework\src\Illuminate\Database\Connectors\Connector.php(119): PDO->__construct('mysql:host=127....', 'redehubng', 'Islam4you', Array)
#1 C:\xampp\htdocs\schoolite-offline-v1\vendor\laravel\framework\src\Illuminate\Database\Connectors\Connector.php(56): Illuminate\Database\Connectors\Connector->createPdoConnection('mysql:host=127....', 'redehubng', 'Islam4you', Array)
#2 C:\xampp\htdocs\schoolite-offline-v1\vendor\laravel\framework\src\Illuminate\Database\Connectors\MySqlConnector.php(24): Illuminate\Database\Connectors\Connector->createConnection('mysql:host=127....', Array, Array)
#3 C:\xampp\htdocs\schoolite-offline-v1\vendor\laravel\framework\src\Illuminate\Database\Connectors\ConnectionFactory.php(126): Illuminate\Database\Connectors\MySqlConnector->connect(Array)
#4 [internal function]: Illuminate\Database\Connectors\ConnectionFactory->Illuminate\Database\Connectors\{closure}()
#5 C:\xampp\htdocs\schoolite-offline-v1\vendor\laravel\framework\src\Illuminate\Database\Connection.php(964): call_user_func(Object(Closure))
#6 C:\xampp\htdocs\schoolite-offline-v1\vendor\laravel\framework\src\Illuminate\Database\Connection.php(985): Illuminate\Database\Connection->getPdo()
#7 C:\xampp\htdocs\schoolite-offline-v1\vendor\laravel\framework\src\Illuminate\Database\Connection.php(422): Illuminate\Database\Connection->getReadPdo()
#8 C:\xampp\htdocs\schoolite-offline-v1\vendor\laravel\framework\src\Illuminate\Database\Connection.php(332): Illuminate\Database\Connection->getPdoForSelect(true)
#9 C:\xampp\htdocs\schoolite-offline-v1\vendor\laravel\framework\src\Illuminate\Database\Connection.php(762): Illuminate\Database\Connection->Illuminate\Database\{closure}(Object(Illuminate\Database\MySqlConnection), 'select * from i...', Array)
#10 C:\xampp\htdocs\schoolite-offline-v1\vendor\laravel\framework\src\Illuminate\Database\Connection.php(725): Illuminate\Database\Connection->runQueryCallback('select * from i...', Array, Object(Closure))
#11 C:\xampp\htdocs\schoolite-offline-v1\vendor\laravel\framework\src\Illuminate\Database\Connection.php(350): Illuminate\Database\Connection->run('select * from i...', Array, Object(Closure))
#12 C:\xampp\htdocs\schoolite-offline-v1\vendor\laravel\framework\src\Illuminate\Database\Schema\MySqlBuilder.php(21): Illuminate\Database\Connection->select('select * from i...', Array)
#13 C:\xampp\htdocs\schoolite-offline-v1\vendor\laravel\framework\src\Illuminate\Support\Facades\Facade.php(237): Illuminate\Database\Schema\MySqlBuilder->hasTable('sessions')
#14 C:\xampp\htdocs\schoolite-offline-v1\app\Providers\AppServiceProvider.php(22): Illuminate\Support\Facades\Facade::__callStatic('hasTable', Array)
#15 [internal function]: App\Providers\AppServiceProvider->boot()
#16 C:\xampp\htdocs\schoolite-offline-v1\vendor\laravel\framework\src\Illuminate\Container\Container.php(508): call_user_func_array(Array, Array)
#17 C:\xampp\htdocs\schoolite-offline-v1\vendor\laravel\framework\src\Illuminate\Foundation\Application.php(769): Illuminate\Container\Container->call(Array)
#18 C:\xampp\htdocs\schoolite-offline-v1\vendor\laravel\framework\src\Illuminate\Foundation\Application.php(752): Illuminate\Foundation\Application->bootProvider(Object(App\Providers\AppServiceProvider))
#19 [internal function]: Illuminate\Foundation\Application->Illuminate\Foundation\{closure}(Object(App\Providers\AppServiceProvider), 12)
#20 C:\xampp\htdocs\schoolite-offline-v1\vendor\laravel\framework\src\Illuminate\Foundation\Application.php(753): array_walk(Array, Object(Closure))
#21 C:\xampp\htdocs\schoolite-offline-v1\vendor\laravel\framework\src\Illuminate\Foundation\Bootstrap\BootProviders.php(17): Illuminate\Foundation\Application->boot()
#22 C:\xampp\htdocs\schoolite-offline-v1\vendor\laravel\framework\src\Illuminate\Foundation\Application.php(203): Illuminate\Foundation\Bootstrap\BootProviders->bootstrap(Object(Illuminate\Foundation\Application))
#23 C:\xampp\htdocs\schoolite-offline-v1\vendor\laravel\framework\src\Illuminate\Foundation\Console\Kernel.php(267): Illuminate\Foundation\Application->bootstrapWith(Array)
#24 C:\xampp\htdocs\schoolite-offline-v1\vendor\laravel\framework\src\Illuminate\Foundation\Console\Kernel.php(113): Illuminate\Foundation\Console\Kernel->bootstrap()
#25 C:\xampp\htdocs\schoolite-offline-v1\artisan(35): Illuminate\Foundation\Console\Kernel->handle(Object(Symfony\Component\Console\Input\ArgvInput), Object(Symfony\Component\Console\Output\ConsoleOutput))
#26 {main}  
[2016-12-12 16:36:19] local.ERROR: PDOException: SQLSTATE[HY000] [2002] No connection could be made because the target machine actively refused it.
 in C:\xampp\htdocs\schoolite-offline-v1\vendor\laravel\framework\src\Illuminate\Database\Connectors\Connector.php:119
Stack trace:
#0 C:\xampp\htdocs\schoolite-offline-v1\vendor\laravel\framework\src\Illuminate\Database\Connectors\Connector.php(119): PDO->__construct('mysql:host=127....', 'redehubng', 'Islam4you', Array)
#1 C:\xampp\htdocs\schoolite-offline-v1\vendor\laravel\framework\src\Illuminate\Database\Connectors\Connector.php(56): Illuminate\Database\Connectors\Connector->createPdoConnection('mysql:host=127....', 'redehubng', 'Islam4you', Array)
#2 C:\xampp\htdocs\schoolite-offline-v1\vendor\laravel\framework\src\Illuminate\Database\Connectors\MySqlConnector.php(24): Illuminate\Database\Connectors\Connector->createConnection('mysql:host=127....', Array, Array)
#3 C:\xampp\htdocs\schoolite-offline-v1\vendor\laravel\framework\src\Illuminate\Database\Connectors\ConnectionFactory.php(126): Illuminate\Database\Connectors\MySqlConnector->connect(Array)
#4 [internal function]: Illuminate\Database\Connectors\ConnectionFactory->Illuminate\Database\Connectors\{closure}()
#5 C:\xampp\htdocs\schoolite-offline-v1\vendor\laravel\framework\src\Illuminate\Database\Connection.php(964): call_user_func(Object(Closure))
#6 C:\xampp\htdocs\schoolite-offline-v1\vendor\laravel\framework\src\Illuminate\Database\Connection.php(985): Illuminate\Database\Connection->getPdo()
#7 C:\xampp\htdocs\schoolite-offline-v1\vendor\laravel\framework\src\Illuminate\Database\Connection.php(422): Illuminate\Database\Connection->getReadPdo()
#8 C:\xampp\htdocs\schoolite-offline-v1\vendor\laravel\framework\src\Illuminate\Database\Connection.php(332): Illuminate\Database\Connection->getPdoForSelect(true)
#9 C:\xampp\htdocs\schoolite-offline-v1\vendor\laravel\framework\src\Illuminate\Database\Connection.php(762): Illuminate\Database\Connection->Illuminate\Database\{closure}(Object(Illuminate\Database\MySqlConnection), 'select * from i...', Array)
#10 C:\xampp\htdocs\schoolite-offline-v1\vendor\laravel\framework\src\Illuminate\Database\Connection.php(725): Illuminate\Database\Connection->runQueryCallback('select * from i...', Array, Object(Closure))
#11 C:\xampp\htdocs\schoolite-offline-v1\vendor\laravel\framework\src\Illuminate\Database\Connection.php(350): Illuminate\Database\Connection->run('select * from i...', Array, Object(Closure))
#12 C:\xampp\htdocs\schoolite-offline-v1\vendor\laravel\framework\src\Illuminate\Database\Schema\MySqlBuilder.php(21): Illuminate\Database\Connection->select('select * from i...', Array)
#13 C:\xampp\htdocs\schoolite-offline-v1\vendor\laravel\framework\src\Illuminate\Support\Facades\Facade.php(237): Illuminate\Database\Schema\MySqlBuilder->hasTable('sessions')
#14 C:\xampp\htdocs\schoolite-offline-v1\app\Providers\AppServiceProvider.php(22): Illuminate\Support\Facades\Facade::__callStatic('hasTable', Array)
#15 [internal function]: App\Providers\AppServiceProvider->boot()
#16 C:\xampp\htdocs\schoolite-offline-v1\vendor\laravel\framework\src\Illuminate\Container\Container.php(508): call_user_func_array(Array, Array)
#17 C:\xampp\htdocs\schoolite-offline-v1\vendor\laravel\framework\src\Illuminate\Foundation\Application.php(769): Illuminate\Container\Container->call(Array)
#18 C:\xampp\htdocs\schoolite-offline-v1\vendor\laravel\framework\src\Illuminate\Foundation\Application.php(752): Illuminate\Foundation\Application->bootProvider(Object(App\Providers\AppServiceProvider))
#19 [internal function]: Illuminate\Foundation\Application->Illuminate\Foundation\{closure}(Object(App\Providers\AppServiceProvider), 12)
#20 C:\xampp\htdocs\schoolite-offline-v1\vendor\laravel\framework\src\Illuminate\Foundation\Application.php(753): array_walk(Array, Object(Closure))
#21 C:\xampp\htdocs\schoolite-offline-v1\vendor\laravel\framework\src\Illuminate\Foundation\Bootstrap\BootProviders.php(17): Illuminate\Foundation\Application->boot()
#22 C:\xampp\htdocs\schoolite-offline-v1\vendor\laravel\framework\src\Illuminate\Foundation\Application.php(203): Illuminate\Foundation\Bootstrap\BootProviders->bootstrap(Object(Illuminate\Foundation\Application))
#23 C:\xampp\htdocs\schoolite-offline-v1\vendor\laravel\framework\src\Illuminate\Foundation\Console\Kernel.php(267): Illuminate\Foundation\Application->bootstrapWith(Array)
#24 C:\xampp\htdocs\schoolite-offline-v1\vendor\laravel\framework\src\Illuminate\Foundation\Console\Kernel.php(113): Illuminate\Foundation\Console\Kernel->bootstrap()
#25 C:\xampp\htdocs\schoolite-offline-v1\artisan(35): Illuminate\Foundation\Console\Kernel->handle(Object(Symfony\Component\Console\Input\ArgvInput), Object(Symfony\Component\Console\Output\ConsoleOutput))
#26 {main}

Next Illuminate\Database\QueryException: SQLSTATE[HY000] [2002] No connection could be made because the target machine actively refused it.
 (SQL: select * from information_schema.tables where table_schema = redehubng_basic_portal and table_name = sessions) in C:\xampp\htdocs\schoolite-offline-v1\vendor\laravel\framework\src\Illuminate\Database\Connection.php:769
Stack trace:
#0 C:\xampp\htdocs\schoolite-offline-v1\vendor\laravel\framework\src\Illuminate\Database\Connection.php(725): Illuminate\Database\Connection->runQueryCallback('select * from i...', Array, Object(Closure))
#1 C:\xampp\htdocs\schoolite-offline-v1\vendor\laravel\framework\src\Illuminate\Database\Connection.php(350): Illuminate\Database\Connection->run('select * from i...', Array, Object(Closure))
#2 C:\xampp\htdocs\schoolite-offline-v1\vendor\laravel\framework\src\Illuminate\Database\Schema\MySqlBuilder.php(21): Illuminate\Database\Connection->select('select * from i...', Array)
#3 C:\xampp\htdocs\schoolite-offline-v1\vendor\laravel\framework\src\Illuminate\Support\Facades\Facade.php(237): Illuminate\Database\Schema\MySqlBuilder->hasTable('sessions')
#4 C:\xampp\htdocs\schoolite-offline-v1\app\Providers\AppServiceProvider.php(22): Illuminate\Support\Facades\Facade::__callStatic('hasTable', Array)
#5 [internal function]: App\Providers\AppServiceProvider->boot()
#6 C:\xampp\htdocs\schoolite-offline-v1\vendor\laravel\framework\src\Illuminate\Container\Container.php(508): call_user_func_array(Array, Array)
#7 C:\xampp\htdocs\schoolite-offline-v1\vendor\laravel\framework\src\Illuminate\Foundation\Application.php(769): Illuminate\Container\Container->call(Array)
#8 C:\xampp\htdocs\schoolite-offline-v1\vendor\laravel\framework\src\Illuminate\Foundation\Application.php(752): Illuminate\Foundation\Application->bootProvider(Object(App\Providers\AppServiceProvider))
#9 [internal function]: Illuminate\Foundation\Application->Illuminate\Foundation\{closure}(Object(App\Providers\AppServiceProvider), 12)
#10 C:\xampp\htdocs\schoolite-offline-v1\vendor\laravel\framework\src\Illuminate\Foundation\Application.php(753): array_walk(Array, Object(Closure))
#11 C:\xampp\htdocs\schoolite-offline-v1\vendor\laravel\framework\src\Illuminate\Foundation\Bootstrap\BootProviders.php(17): Illuminate\Foundation\Application->boot()
#12 C:\xampp\htdocs\schoolite-offline-v1\vendor\laravel\framework\src\Illuminate\Foundation\Application.php(203): Illuminate\Foundation\Bootstrap\BootProviders->bootstrap(Object(Illuminate\Foundation\Application))
#13 C:\xampp\htdocs\schoolite-offline-v1\vendor\laravel\framework\src\Illuminate\Foundation\Console\Kernel.php(267): Illuminate\Foundation\Application->bootstrapWith(Array)
#14 C:\xampp\htdocs\schoolite-offline-v1\vendor\laravel\framework\src\Illuminate\Foundation\Console\Kernel.php(113): Illuminate\Foundation\Console\Kernel->bootstrap()
#15 C:\xampp\htdocs\schoolite-offline-v1\artisan(35): Illuminate\Foundation\Console\Kernel->handle(Object(Symfony\Component\Console\Input\ArgvInput), Object(Symfony\Component\Console\Output\ConsoleOutput))
#16 {main}  
