[2016-11-15 04:12:20] local.ERROR: ReflectionException: Method App\Http\Controllers\AdminController::licencePage() does not exist in C:\xampp\htdocs\schoolite-offline-v1\vendor\laravel\framework\src\Illuminate\Routing\Route.php:333
Stack trace:
#0 C:\xampp\htdocs\schoolite-offline-v1\vendor\laravel\framework\src\Illuminate\Routing\Route.php(333): ReflectionMethod->__construct('App\\Http\\Contro...', 'licencePage')
#1 C:\xampp\htdocs\schoolite-offline-v1\vendor\laravel\framework\src\Illuminate\Routing\Router.php(814): Illuminate\Routing\Route->signatureParameters('Illuminate\\Data...')
#2 C:\xampp\htdocs\schoolite-offline-v1\vendor\laravel\framework\src\Illuminate\Routing\Middleware\SubstituteBindings.php(39): Illuminate\Routing\Router->substituteImplicitBindings(Object(Illuminate\Routing\Route))
#3 C:\xampp\htdocs\schoolite-offline-v1\vendor\laravel\framework\src\Illuminate\Pipeline\Pipeline.php(137): Illuminate\Routing\Middleware\SubstituteBindings->handle(Object(Illuminate\Http\Request), Object(Closure))
#4 C:\xampp\htdocs\schoolite-offline-v1\vendor\laravel\framework\src\Illuminate\Routing\Pipeline.php(33): Illuminate\Pipeline\Pipeline->Illuminate\Pipeline\{closure}(Object(Illuminate\Http\Request))
#5 C:\xampp\htdocs\schoolite-offline-v1\vendor\laravel\framework\src\Illuminate\Auth\Middleware\Authenticate.php(43): Illuminate\Routing\Pipeline->Illuminate\Routing\{closure}(Object(Illuminate\Http\Request))
#6 C:\xampp\htdocs\schoolite-offline-v1\vendor\laravel\framework\src\Illuminate\Pipeline\Pipeline.php(137): Illuminate\Auth\Middleware\Authenticate->handle(Object(Illuminate\Http\Request), Object(Closure))
#7 C:\xampp\htdocs\schoolite-offline-v1\vendor\laravel\framework\src\Illuminate\Routing\Pipeline.php(33): Illuminate\Pipeline\Pipeline->Illuminate\Pipeline\{closure}(Object(Illuminate\Http\Request))
#8 C:\xampp\htdocs\schoolite-offline-v1\vendor\laravel\framework\src\Illuminate\Foundation\Http\Middleware\VerifyCsrfToken.php(65): Illuminate\Routing\Pipeline->Illuminate\Routing\{closure}(Object(Illuminate\Http\Request))
#9 C:\xampp\htdocs\schoolite-offline-v1\vendor\laravel\framework\src\Illuminate\Pipeline\Pipeline.php(137): Illuminate\Foundation\Http\Middleware\VerifyCsrfToken->handle(Object(Illuminate\Http\Request), Object(Closure))
#10 C:\xampp\htdocs\schoolite-offline-v1\vendor\laravel\framework\src\Illuminate\Routing\Pipeline.php(33): Illuminate\Pipeline\Pipeline->Illuminate\Pipeline\{closure}(Object(Illuminate\Http\Request))
#11 C:\xampp\htdocs\schoolite-offline-v1\vendor\laravel\framework\src\Illuminate\View\Middleware\ShareErrorsFromSession.php(49): Illuminate\Routing\Pipeline->Illuminate\Routing\{closure}(Object(Illuminate\Http\Request))
#12 C:\xampp\htdocs\schoolite-offline-v1\vendor\laravel\framework\src\Illuminate\Pipeline\Pipeline.php(137): Illuminate\View\Middleware\ShareErrorsFromSession->handle(Object(Illuminate\Http\Request), Object(Closure))
#13 C:\xampp\htdocs\schoolite-offline-v1\vendor\laravel\framework\src\Illuminate\Routing\Pipeline.php(33): Illuminate\Pipeline\Pipeline->Illuminate\Pipeline\{closure}(Object(Illuminate\Http\Request))
#14 C:\xampp\htdocs\schoolite-offline-v1\vendor\laravel\framework\src\Illuminate\Session\Middleware\StartSession.php(64): Illuminate\Routing\Pipeline->Illuminate\Routing\{closure}(Object(Illuminate\Http\Request))
#15 C:\xampp\htdocs\schoolite-offline-v1\vendor\laravel\framework\src\Illuminate\Pipeline\Pipeline.php(137): Illuminate\Session\Middleware\StartSession->handle(Object(Illuminate\Http\Request), Object(Closure))
#16 C:\xampp\htdocs\schoolite-offline-v1\vendor\laravel\framework\src\Illuminate\Routing\Pipeline.php(33): Illuminate\Pipeline\Pipeline->Illuminate\Pipeline\{closure}(Object(Illuminate\Http\Request))
#17 C:\xampp\htdocs\schoolite-offline-v1\vendor\laravel\framework\src\Illuminate\Cookie\Middleware\AddQueuedCookiesToResponse.php(37): Illuminate\Routing\Pipeline->Illuminate\Routing\{closure}(Object(Illuminate\Http\Request))
#18 C:\xampp\htdocs\schoolite-offline-v1\vendor\laravel\framework\src\Illuminate\Pipeline\Pipeline.php(137): Illuminate\Cookie\Middleware\AddQueuedCookiesToResponse->handle(Object(Illuminate\Http\Request), Object(Closure))
#19 C:\xampp\htdocs\schoolite-offline-v1\vendor\laravel\framework\src\Illuminate\Routing\Pipeline.php(33): Illuminate\Pipeline\Pipeline->Illuminate\Pipeline\{closure}(Object(Illuminate\Http\Request))
#20 C:\xampp\htdocs\schoolite-offline-v1\vendor\laravel\framework\src\Illuminate\Cookie\Middleware\EncryptCookies.php(59): Illuminate\Routing\Pipeline->Illuminate\Routing\{closure}(Object(Illuminate\Http\Request))
#21 C:\xampp\htdocs\schoolite-offline-v1\vendor\laravel\framework\src\Illuminate\Pipeline\Pipeline.php(137): Illuminate\Cookie\Middleware\EncryptCookies->handle(Object(Illuminate\Http\Request), Object(Closure))
#22 C:\xampp\htdocs\schoolite-offline-v1\vendor\laravel\framework\src\Illuminate\Routing\Pipeline.php(33): Illuminate\Pipeline\Pipeline->Illuminate\Pipeline\{closure}(Object(Illuminate\Http\Request))
#23 C:\xampp\htdocs\schoolite-offline-v1\vendor\laravel\framework\src\Illuminate\Pipeline\Pipeline.php(104): Illuminate\Routing\Pipeline->Illuminate\Routing\{closure}(Object(Illuminate\Http\Request))
#24 C:\xampp\htdocs\schoolite-offline-v1\vendor\laravel\framework\src\Illuminate\Routing\Router.php(644): Illuminate\Pipeline\Pipeline->then(Object(Closure))
#25 C:\xampp\htdocs\schoolite-offline-v1\vendor\laravel\framework\src\Illuminate\Routing\Router.php(618): Illuminate\Routing\Router->runRouteWithinStack(Object(Illuminate\Routing\Route), Object(Illuminate\Http\Request))
#26 C:\xampp\htdocs\schoolite-offline-v1\vendor\laravel\framework\src\Illuminate\Routing\Router.php(596): Illuminate\Routing\Router->dispatchToRoute(Object(Illuminate\Http\Request))
#27 C:\xampp\htdocs\schoolite-offline-v1\vendor\laravel\framework\src\Illuminate\Foundation\Http\Kernel.php(267): Illuminate\Routing\Router->dispatch(Object(Illuminate\Http\Request))
#28 C:\xampp\htdocs\schoolite-offline-v1\vendor\laravel\framework\src\Illuminate\Routing\Pipeline.php(53): Illuminate\Foundation\Http\Kernel->Illuminate\Foundation\Http\{closure}(Object(Illuminate\Http\Request))
#29 C:\xampp\htdocs\schoolite-offline-v1\vendor\laravel\framework\src\Illuminate\Foundation\Http\Middleware\CheckForMaintenanceMode.php(46): Illuminate\Routing\Pipeline->Illuminate\Routing\{closure}(Object(Illuminate\Http\Request))
#30 C:\xampp\htdocs\schoolite-offline-v1\vendor\laravel\framework\src\Illuminate\Pipeline\Pipeline.php(137): Illuminate\Foundation\Http\Middleware\CheckForMaintenanceMode->handle(Object(Illuminate\Http\Request), Object(Closure))
#31 C:\xampp\htdocs\schoolite-offline-v1\vendor\laravel\framework\src\Illuminate\Routing\Pipeline.php(33): Illuminate\Pipeline\Pipeline->Illuminate\Pipeline\{closure}(Object(Illuminate\Http\Request))
#32 C:\xampp\htdocs\schoolite-offline-v1\vendor\laravel\framework\src\Illuminate\Pipeline\Pipeline.php(104): Illuminate\Routing\Pipeline->Illuminate\Routing\{closure}(Object(Illuminate\Http\Request))
#33 C:\xampp\htdocs\schoolite-offline-v1\vendor\laravel\framework\src\Illuminate\Foundation\Http\Kernel.php(149): Illuminate\Pipeline\Pipeline->then(Object(Closure))
#34 C:\xampp\htdocs\schoolite-offline-v1\vendor\laravel\framework\src\Illuminate\Foundation\Http\Kernel.php(116): Illuminate\Foundation\Http\Kernel->sendRequestThroughRouter(Object(Illuminate\Http\Request))
#35 C:\xampp\htdocs\schoolite-offline-v1\public\index.php(53): Illuminate\Foundation\Http\Kernel->handle(Object(Illuminate\Http\Request))
#36 {main}  
[2016-11-15 04:12:31] local.ERROR: ReflectionException: Method App\Http\Controllers\AdminController::licencePage() does not exist in C:\xampp\htdocs\schoolite-offline-v1\vendor\laravel\framework\src\Illuminate\Routing\Route.php:333
Stack trace:
#0 C:\xampp\htdocs\schoolite-offline-v1\vendor\laravel\framework\src\Illuminate\Routing\Route.php(333): ReflectionMethod->__construct('App\\Http\\Contro...', 'licencePage')
#1 C:\xampp\htdocs\schoolite-offline-v1\vendor\laravel\framework\src\Illuminate\Routing\Router.php(814): Illuminate\Routing\Route->signatureParameters('Illuminate\\Data...')
#2 C:\xampp\htdocs\schoolite-offline-v1\vendor\laravel\framework\src\Illuminate\Routing\Middleware\SubstituteBindings.php(39): Illuminate\Routing\Router->substituteImplicitBindings(Object(Illuminate\Routing\Route))
#3 C:\xampp\htdocs\schoolite-offline-v1\vendor\laravel\framework\src\Illuminate\Pipeline\Pipeline.php(137): Illuminate\Routing\Middleware\SubstituteBindings->handle(Object(Illuminate\Http\Request), Object(Closure))
#4 C:\xampp\htdocs\schoolite-offline-v1\vendor\laravel\framework\src\Illuminate\Routing\Pipeline.php(33): Illuminate\Pipeline\Pipeline->Illuminate\Pipeline\{closure}(Object(Illuminate\Http\Request))
#5 C:\xampp\htdocs\schoolite-offline-v1\vendor\laravel\framework\src\Illuminate\Auth\Middleware\Authenticate.php(43): Illuminate\Routing\Pipeline->Illuminate\Routing\{closure}(Object(Illuminate\Http\Request))
#6 C:\xampp\htdocs\schoolite-offline-v1\vendor\laravel\framework\src\Illuminate\Pipeline\Pipeline.php(137): Illuminate\Auth\Middleware\Authenticate->handle(Object(Illuminate\Http\Request), Object(Closure))
#7 C:\xampp\htdocs\schoolite-offline-v1\vendor\laravel\framework\src\Illuminate\Routing\Pipeline.php(33): Illuminate\Pipeline\Pipeline->Illuminate\Pipeline\{closure}(Object(Illuminate\Http\Request))
#8 C:\xampp\htdocs\schoolite-offline-v1\vendor\laravel\framework\src\Illuminate\Foundation\Http\Middleware\VerifyCsrfToken.php(65): Illuminate\Routing\Pipeline->Illuminate\Routing\{closure}(Object(Illuminate\Http\Request))
#9 C:\xampp\htdocs\schoolite-offline-v1\vendor\laravel\framework\src\Illuminate\Pipeline\Pipeline.php(137): Illuminate\Foundation\Http\Middleware\VerifyCsrfToken->handle(Object(Illuminate\Http\Request), Object(Closure))
#10 C:\xampp\htdocs\schoolite-offline-v1\vendor\laravel\framework\src\Illuminate\Routing\Pipeline.php(33): Illuminate\Pipeline\Pipeline->Illuminate\Pipeline\{closure}(Object(Illuminate\Http\Request))
#11 C:\xampp\htdocs\schoolite-offline-v1\vendor\laravel\framework\src\Illuminate\View\Middleware\ShareErrorsFromSession.php(49): Illuminate\Routing\Pipeline->Illuminate\Routing\{closure}(Object(Illuminate\Http\Request))
#12 C:\xampp\htdocs\schoolite-offline-v1\vendor\laravel\framework\src\Illuminate\Pipeline\Pipeline.php(137): Illuminate\View\Middleware\ShareErrorsFromSession->handle(Object(Illuminate\Http\Request), Object(Closure))
#13 C:\xampp\htdocs\schoolite-offline-v1\vendor\laravel\framework\src\Illuminate\Routing\Pipeline.php(33): Illuminate\Pipeline\Pipeline->Illuminate\Pipeline\{closure}(Object(Illuminate\Http\Request))
#14 C:\xampp\htdocs\schoolite-offline-v1\vendor\laravel\framework\src\Illuminate\Session\Middleware\StartSession.php(64): Illuminate\Routing\Pipeline->Illuminate\Routing\{closure}(Object(Illuminate\Http\Request))
#15 C:\xampp\htdocs\schoolite-offline-v1\vendor\laravel\framework\src\Illuminate\Pipeline\Pipeline.php(137): Illuminate\Session\Middleware\StartSession->handle(Object(Illuminate\Http\Request), Object(Closure))
#16 C:\xampp\htdocs\schoolite-offline-v1\vendor\laravel\framework\src\Illuminate\Routing\Pipeline.php(33): Illuminate\Pipeline\Pipeline->Illuminate\Pipeline\{closure}(Object(Illuminate\Http\Request))
#17 C:\xampp\htdocs\schoolite-offline-v1\vendor\laravel\framework\src\Illuminate\Cookie\Middleware\AddQueuedCookiesToResponse.php(37): Illuminate\Routing\Pipeline->Illuminate\Routing\{closure}(Object(Illuminate\Http\Request))
#18 C:\xampp\htdocs\schoolite-offline-v1\vendor\laravel\framework\src\Illuminate\Pipeline\Pipeline.php(137): Illuminate\Cookie\Middleware\AddQueuedCookiesToResponse->handle(Object(Illuminate\Http\Request), Object(Closure))
#19 C:\xampp\htdocs\schoolite-offline-v1\vendor\laravel\framework\src\Illuminate\Routing\Pipeline.php(33): Illuminate\Pipeline\Pipeline->Illuminate\Pipeline\{closure}(Object(Illuminate\Http\Request))
#20 C:\xampp\htdocs\schoolite-offline-v1\vendor\laravel\framework\src\Illuminate\Cookie\Middleware\EncryptCookies.php(59): Illuminate\Routing\Pipeline->Illuminate\Routing\{closure}(Object(Illuminate\Http\Request))
#21 C:\xampp\htdocs\schoolite-offline-v1\vendor\laravel\framework\src\Illuminate\Pipeline\Pipeline.php(137): Illuminate\Cookie\Middleware\EncryptCookies->handle(Object(Illuminate\Http\Request), Object(Closure))
#22 C:\xampp\htdocs\schoolite-offline-v1\vendor\laravel\framework\src\Illuminate\Routing\Pipeline.php(33): Illuminate\Pipeline\Pipeline->Illuminate\Pipeline\{closure}(Object(Illuminate\Http\Request))
#23 C:\xampp\htdocs\schoolite-offline-v1\vendor\laravel\framework\src\Illuminate\Pipeline\Pipeline.php(104): Illuminate\Routing\Pipeline->Illuminate\Routing\{closure}(Object(Illuminate\Http\Request))
#24 C:\xampp\htdocs\schoolite-offline-v1\vendor\laravel\framework\src\Illuminate\Routing\Router.php(644): Illuminate\Pipeline\Pipeline->then(Object(Closure))
#25 C:\xampp\htdocs\schoolite-offline-v1\vendor\laravel\framework\src\Illuminate\Routing\Router.php(618): Illuminate\Routing\Router->runRouteWithinStack(Object(Illuminate\Routing\Route), Object(Illuminate\Http\Request))
#26 C:\xampp\htdocs\schoolite-offline-v1\vendor\laravel\framework\src\Illuminate\Routing\Router.php(596): Illuminate\Routing\Router->dispatchToRoute(Object(Illuminate\Http\Request))
#27 C:\xampp\htdocs\schoolite-offline-v1\vendor\laravel\framework\src\Illuminate\Foundation\Http\Kernel.php(267): Illuminate\Routing\Router->dispatch(Object(Illuminate\Http\Request))
#28 C:\xampp\htdocs\schoolite-offline-v1\vendor\laravel\framework\src\Illuminate\Routing\Pipeline.php(53): Illuminate\Foundation\Http\Kernel->Illuminate\Foundation\Http\{closure}(Object(Illuminate\Http\Request))
#29 C:\xampp\htdocs\schoolite-offline-v1\vendor\laravel\framework\src\Illuminate\Foundation\Http\Middleware\CheckForMaintenanceMode.php(46): Illuminate\Routing\Pipeline->Illuminate\Routing\{closure}(Object(Illuminate\Http\Request))
#30 C:\xampp\htdocs\schoolite-offline-v1\vendor\laravel\framework\src\Illuminate\Pipeline\Pipeline.php(137): Illuminate\Foundation\Http\Middleware\CheckForMaintenanceMode->handle(Object(Illuminate\Http\Request), Object(Closure))
#31 C:\xampp\htdocs\schoolite-offline-v1\vendor\laravel\framework\src\Illuminate\Routing\Pipeline.php(33): Illuminate\Pipeline\Pipeline->Illuminate\Pipeline\{closure}(Object(Illuminate\Http\Request))
#32 C:\xampp\htdocs\schoolite-offline-v1\vendor\laravel\framework\src\Illuminate\Pipeline\Pipeline.php(104): Illuminate\Routing\Pipeline->Illuminate\Routing\{closure}(Object(Illuminate\Http\Request))
#33 C:\xampp\htdocs\schoolite-offline-v1\vendor\laravel\framework\src\Illuminate\Foundation\Http\Kernel.php(149): Illuminate\Pipeline\Pipeline->then(Object(Closure))
#34 C:\xampp\htdocs\schoolite-offline-v1\vendor\laravel\framework\src\Illuminate\Foundation\Http\Kernel.php(116): Illuminate\Foundation\Http\Kernel->sendRequestThroughRouter(Object(Illuminate\Http\Request))
#35 C:\xampp\htdocs\schoolite-offline-v1\public\index.php(53): Illuminate\Foundation\Http\Kernel->handle(Object(Illuminate\Http\Request))
#36 {main}  
[2016-11-15 07:07:26] production.ERROR: RuntimeException: The only supported ciphers are AES-128-CBC and AES-256-CBC with the correct key lengths. in C:\xampp\htdocs\schoolite-offline-v1\vendor\laravel\framework\src\Illuminate\Encryption\Encrypter.php:43
Stack trace:
#0 C:\xampp\htdocs\schoolite-offline-v1\vendor\laravel\framework\src\Illuminate\Encryption\EncryptionServiceProvider.php(27): Illuminate\Encryption\Encrypter->__construct('', 'AES-256-CBC')
#1 C:\xampp\htdocs\schoolite-offline-v1\vendor\laravel\framework\src\Illuminate\Container\Container.php(746): Illuminate\Encryption\EncryptionServiceProvider->Illuminate\Encryption\{closure}(Object(Illuminate\Foundation\Application), Array)
#2 C:\xampp\htdocs\schoolite-offline-v1\vendor\laravel\framework\src\Illuminate\Container\Container.php(644): Illuminate\Container\Container->build(Object(Closure), Array)
#3 C:\xampp\htdocs\schoolite-offline-v1\vendor\laravel\framework\src\Illuminate\Foundation\Application.php(709): Illuminate\Container\Container->make('encrypter', Array)
#4 C:\xampp\htdocs\schoolite-offline-v1\vendor\laravel\framework\src\Illuminate\Container\Container.php(864): Illuminate\Foundation\Application->make('encrypter')
#5 C:\xampp\htdocs\schoolite-offline-v1\vendor\laravel\framework\src\Illuminate\Container\Container.php(819): Illuminate\Container\Container->resolveClass(Object(ReflectionParameter))
#6 C:\xampp\htdocs\schoolite-offline-v1\vendor\laravel\framework\src\Illuminate\Container\Container.php(788): Illuminate\Container\Container->getDependencies(Array, Array)
#7 C:\xampp\htdocs\schoolite-offline-v1\vendor\laravel\framework\src\Illuminate\Container\Container.php(644): Illuminate\Container\Container->build('App\\Http\\Middle...', Array)
#8 C:\xampp\htdocs\schoolite-offline-v1\vendor\laravel\framework\src\Illuminate\Foundation\Application.php(709): Illuminate\Container\Container->make('App\\Http\\Middle...', Array)
#9 C:\xampp\htdocs\schoolite-offline-v1\vendor\laravel\framework\src\Illuminate\Pipeline\Pipeline.php(127): Illuminate\Foundation\Application->make('App\\Http\\Middle...')
#10 C:\xampp\htdocs\schoolite-offline-v1\vendor\laravel\framework\src\Illuminate\Routing\Pipeline.php(33): Illuminate\Pipeline\Pipeline->Illuminate\Pipeline\{closure}(Object(Illuminate\Http\Request))
#11 C:\xampp\htdocs\schoolite-offline-v1\vendor\laravel\framework\src\Illuminate\Pipeline\Pipeline.php(104): Illuminate\Routing\Pipeline->Illuminate\Routing\{closure}(Object(Illuminate\Http\Request))
#12 C:\xampp\htdocs\schoolite-offline-v1\vendor\laravel\framework\src\Illuminate\Routing\Router.php(644): Illuminate\Pipeline\Pipeline->then(Object(Closure))
#13 C:\xampp\htdocs\schoolite-offline-v1\vendor\laravel\framework\src\Illuminate\Routing\Router.php(618): Illuminate\Routing\Router->runRouteWithinStack(Object(Illuminate\Routing\Route), Object(Illuminate\Http\Request))
#14 C:\xampp\htdocs\schoolite-offline-v1\vendor\laravel\framework\src\Illuminate\Routing\Router.php(596): Illuminate\Routing\Router->dispatchToRoute(Object(Illuminate\Http\Request))
#15 C:\xampp\htdocs\schoolite-offline-v1\vendor\laravel\framework\src\Illuminate\Foundation\Http\Kernel.php(267): Illuminate\Routing\Router->dispatch(Object(Illuminate\Http\Request))
#16 C:\xampp\htdocs\schoolite-offline-v1\vendor\laravel\framework\src\Illuminate\Routing\Pipeline.php(53): Illuminate\Foundation\Http\Kernel->Illuminate\Foundation\Http\{closure}(Object(Illuminate\Http\Request))
#17 C:\xampp\htdocs\schoolite-offline-v1\vendor\laravel\framework\src\Illuminate\Foundation\Http\Middleware\CheckForMaintenanceMode.php(46): Illuminate\Routing\Pipeline->Illuminate\Routing\{closure}(Object(Illuminate\Http\Request))
#18 C:\xampp\htdocs\schoolite-offline-v1\vendor\laravel\framework\src\Illuminate\Pipeline\Pipeline.php(137): Illuminate\Foundation\Http\Middleware\CheckForMaintenanceMode->handle(Object(Illuminate\Http\Request), Object(Closure))
#19 C:\xampp\htdocs\schoolite-offline-v1\vendor\laravel\framework\src\Illuminate\Routing\Pipeline.php(33): Illuminate\Pipeline\Pipeline->Illuminate\Pipeline\{closure}(Object(Illuminate\Http\Request))
#20 C:\xampp\htdocs\schoolite-offline-v1\vendor\laravel\framework\src\Illuminate\Pipeline\Pipeline.php(104): Illuminate\Routing\Pipeline->Illuminate\Routing\{closure}(Object(Illuminate\Http\Request))
#21 C:\xampp\htdocs\schoolite-offline-v1\vendor\laravel\framework\src\Illuminate\Foundation\Http\Kernel.php(149): Illuminate\Pipeline\Pipeline->then(Object(Closure))
#22 C:\xampp\htdocs\schoolite-offline-v1\vendor\laravel\framework\src\Illuminate\Foundation\Http\Kernel.php(116): Illuminate\Foundation\Http\Kernel->sendRequestThroughRouter(Object(Illuminate\Http\Request))
#23 C:\xampp\htdocs\schoolite-offline-v1\public\index.php(53): Illuminate\Foundation\Http\Kernel->handle(Object(Illuminate\Http\Request))
#24 {main}  
[2016-11-15 07:07:26] production.ERROR: RuntimeException: The only supported ciphers are AES-128-CBC and AES-256-CBC with the correct key lengths. in C:\xampp\htdocs\schoolite-offline-v1\vendor\laravel\framework\src\Illuminate\Encryption\Encrypter.php:43
Stack trace:
#0 C:\xampp\htdocs\schoolite-offline-v1\vendor\laravel\framework\src\Illuminate\Encryption\EncryptionServiceProvider.php(27): Illuminate\Encryption\Encrypter->__construct('', 'AES-256-CBC')
#1 C:\xampp\htdocs\schoolite-offline-v1\vendor\laravel\framework\src\Illuminate\Container\Container.php(746): Illuminate\Encryption\EncryptionServiceProvider->Illuminate\Encryption\{closure}(Object(Illuminate\Foundation\Application), Array)
#2 C:\xampp\htdocs\schoolite-offline-v1\vendor\laravel\framework\src\Illuminate\Container\Container.php(644): Illuminate\Container\Container->build(Object(Closure), Array)
#3 C:\xampp\htdocs\schoolite-offline-v1\vendor\laravel\framework\src\Illuminate\Foundation\Application.php(709): Illuminate\Container\Container->make('encrypter', Array)
#4 C:\xampp\htdocs\schoolite-offline-v1\vendor\laravel\framework\src\Illuminate\Container\Container.php(864): Illuminate\Foundation\Application->make('encrypter')
#5 C:\xampp\htdocs\schoolite-offline-v1\vendor\laravel\framework\src\Illuminate\Container\Container.php(819): Illuminate\Container\Container->resolveClass(Object(ReflectionParameter))
#6 C:\xampp\htdocs\schoolite-offline-v1\vendor\laravel\framework\src\Illuminate\Container\Container.php(788): Illuminate\Container\Container->getDependencies(Array, Array)
#7 C:\xampp\htdocs\schoolite-offline-v1\vendor\laravel\framework\src\Illuminate\Container\Container.php(644): Illuminate\Container\Container->build('App\\Http\\Middle...', Array)
#8 C:\xampp\htdocs\schoolite-offline-v1\vendor\laravel\framework\src\Illuminate\Foundation\Application.php(709): Illuminate\Container\Container->make('App\\Http\\Middle...', Array)
#9 C:\xampp\htdocs\schoolite-offline-v1\vendor\laravel\framework\src\Illuminate\Foundation\Http\Kernel.php(173): Illuminate\Foundation\Application->make('App\\Http\\Middle...')
#10 C:\xampp\htdocs\schoolite-offline-v1\public\index.php(58): Illuminate\Foundation\Http\Kernel->terminate(Object(Illuminate\Http\Request), Object(Illuminate\Http\Response))
#11 {main}  
[2016-11-15 07:59:56] local.ERROR: PDOException: SQLSTATE[HY000] [2002] No connection could be made because the target machine actively refused it.
 in C:\xampp\htdocs\schoolite-offline-v1\vendor\laravel\framework\src\Illuminate\Database\Connectors\Connector.php:119
Stack trace:
#0 C:\xampp\htdocs\schoolite-offline-v1\vendor\laravel\framework\src\Illuminate\Database\Connectors\Connector.php(119): PDO->__construct('mysql:host=127....', 'redehubng', 'Islam4you', Array)
#1 C:\xampp\htdocs\schoolite-offline-v1\vendor\laravel\framework\src\Illuminate\Database\Connectors\Connector.php(56): Illuminate\Database\Connectors\Connector->createPdoConnection('mysql:host=127....', 'redehubng', 'Islam4you', Array)
#2 C:\xampp\htdocs\schoolite-offline-v1\vendor\laravel\framework\src\Illuminate\Database\Connectors\MySqlConnector.php(24): Illuminate\Database\Connectors\Connector->createConnection('mysql:host=127....', Array, Array)
#3 C:\xampp\htdocs\schoolite-offline-v1\vendor\laravel\framework\src\Illuminate\Database\Connectors\ConnectionFactory.php(100): Illuminate\Database\Connectors\MySqlConnector->connect(Array)
#4 [internal function]: Illuminate\Database\Connectors\ConnectionFactory->Illuminate\Database\Connectors\{closure}()
#5 C:\xampp\htdocs\schoolite-offline-v1\vendor\laravel\framework\src\Illuminate\Database\Connection.php(956): call_user_func(Object(Closure))
#6 C:\xampp\htdocs\schoolite-offline-v1\vendor\laravel\framework\src\Illuminate\Database\Connection.php(824): Illuminate\Database\Connection->getPdo()
#7 C:\xampp\htdocs\schoolite-offline-v1\vendor\laravel\framework\src\Illuminate\Database\Connection.php(709): Illuminate\Database\Connection->reconnectIfMissingConnection()
#8 C:\xampp\htdocs\schoolite-offline-v1\vendor\laravel\framework\src\Illuminate\Database\Connection.php(351): Illuminate\Database\Connection->run('select * from i...', Array, Object(Closure))
#9 C:\xampp\htdocs\schoolite-offline-v1\vendor\laravel\framework\src\Illuminate\Database\Schema\MySqlBuilder.php(21): Illuminate\Database\Connection->select('select * from i...', Array)
#10 C:\xampp\htdocs\schoolite-offline-v1\vendor\laravel\framework\src\Illuminate\Support\Facades\Facade.php(237): Illuminate\Database\Schema\MySqlBuilder->hasTable('sessions')
#11 C:\xampp\htdocs\schoolite-offline-v1\app\Providers\AppServiceProvider.php(22): Illuminate\Support\Facades\Facade::__callStatic('hasTable', Array)
#12 [internal function]: App\Providers\AppServiceProvider->boot()
#13 C:\xampp\htdocs\schoolite-offline-v1\vendor\laravel\framework\src\Illuminate\Container\Container.php(508): call_user_func_array(Array, Array)
#14 C:\xampp\htdocs\schoolite-offline-v1\vendor\laravel\framework\src\Illuminate\Foundation\Application.php(769): Illuminate\Container\Container->call(Array)
#15 C:\xampp\htdocs\schoolite-offline-v1\vendor\laravel\framework\src\Illuminate\Foundation\Application.php(752): Illuminate\Foundation\Application->bootProvider(Object(App\Providers\AppServiceProvider))
#16 [internal function]: Illuminate\Foundation\Application->Illuminate\Foundation\{closure}(Object(App\Providers\AppServiceProvider), 12)
#17 C:\xampp\htdocs\schoolite-offline-v1\vendor\laravel\framework\src\Illuminate\Foundation\Application.php(753): array_walk(Array, Object(Closure))
#18 C:\xampp\htdocs\schoolite-offline-v1\vendor\laravel\framework\src\Illuminate\Foundation\Bootstrap\BootProviders.php(17): Illuminate\Foundation\Application->boot()
#19 C:\xampp\htdocs\schoolite-offline-v1\vendor\laravel\framework\src\Illuminate\Foundation\Application.php(203): Illuminate\Foundation\Bootstrap\BootProviders->bootstrap(Object(Illuminate\Foundation\Application))
#20 C:\xampp\htdocs\schoolite-offline-v1\vendor\laravel\framework\src\Illuminate\Foundation\Console\Kernel.php(262): Illuminate\Foundation\Application->bootstrapWith(Array)
#21 C:\xampp\htdocs\schoolite-offline-v1\vendor\laravel\framework\src\Illuminate\Foundation\Console\Kernel.php(114): Illuminate\Foundation\Console\Kernel->bootstrap()
#22 C:\xampp\htdocs\schoolite-offline-v1\artisan(35): Illuminate\Foundation\Console\Kernel->handle(Object(Symfony\Component\Console\Input\ArgvInput), Object(Symfony\Component\Console\Output\ConsoleOutput))
#23 {main}  
[2016-11-15 08:00:42] local.ERROR: PDOException: SQLSTATE[HY000] [2002] No connection could be made because the target machine actively refused it.
 in C:\xampp\htdocs\schoolite-offline-v1\vendor\laravel\framework\src\Illuminate\Database\Connectors\Connector.php:119
Stack trace:
#0 C:\xampp\htdocs\schoolite-offline-v1\vendor\laravel\framework\src\Illuminate\Database\Connectors\Connector.php(119): PDO->__construct('mysql:host=127....', 'redehubng', 'Islam4you', Array)
#1 C:\xampp\htdocs\schoolite-offline-v1\vendor\laravel\framework\src\Illuminate\Database\Connectors\Connector.php(56): Illuminate\Database\Connectors\Connector->createPdoConnection('mysql:host=127....', 'redehubng', 'Islam4you', Array)
#2 C:\xampp\htdocs\schoolite-offline-v1\vendor\laravel\framework\src\Illuminate\Database\Connectors\MySqlConnector.php(24): Illuminate\Database\Connectors\Connector->createConnection('mysql:host=127....', Array, Array)
#3 C:\xampp\htdocs\schoolite-offline-v1\vendor\laravel\framework\src\Illuminate\Database\Connectors\ConnectionFactory.php(100): Illuminate\Database\Connectors\MySqlConnector->connect(Array)
#4 [internal function]: Illuminate\Database\Connectors\ConnectionFactory->Illuminate\Database\Connectors\{closure}()
#5 C:\xampp\htdocs\schoolite-offline-v1\vendor\laravel\framework\src\Illuminate\Database\Connection.php(956): call_user_func(Object(Closure))
#6 C:\xampp\htdocs\schoolite-offline-v1\vendor\laravel\framework\src\Illuminate\Database\Connection.php(824): Illuminate\Database\Connection->getPdo()
#7 C:\xampp\htdocs\schoolite-offline-v1\vendor\laravel\framework\src\Illuminate\Database\Connection.php(709): Illuminate\Database\Connection->reconnectIfMissingConnection()
#8 C:\xampp\htdocs\schoolite-offline-v1\vendor\laravel\framework\src\Illuminate\Database\Connection.php(351): Illuminate\Database\Connection->run('select * from i...', Array, Object(Closure))
#9 C:\xampp\htdocs\schoolite-offline-v1\vendor\laravel\framework\src\Illuminate\Database\Schema\MySqlBuilder.php(21): Illuminate\Database\Connection->select('select * from i...', Array)
#10 C:\xampp\htdocs\schoolite-offline-v1\vendor\laravel\framework\src\Illuminate\Support\Facades\Facade.php(237): Illuminate\Database\Schema\MySqlBuilder->hasTable('sessions')
#11 C:\xampp\htdocs\schoolite-offline-v1\app\Providers\AppServiceProvider.php(22): Illuminate\Support\Facades\Facade::__callStatic('hasTable', Array)
#12 [internal function]: App\Providers\AppServiceProvider->boot()
#13 C:\xampp\htdocs\schoolite-offline-v1\vendor\laravel\framework\src\Illuminate\Container\Container.php(508): call_user_func_array(Array, Array)
#14 C:\xampp\htdocs\schoolite-offline-v1\vendor\laravel\framework\src\Illuminate\Foundation\Application.php(769): Illuminate\Container\Container->call(Array)
#15 C:\xampp\htdocs\schoolite-offline-v1\vendor\laravel\framework\src\Illuminate\Foundation\Application.php(752): Illuminate\Foundation\Application->bootProvider(Object(App\Providers\AppServiceProvider))
#16 [internal function]: Illuminate\Foundation\Application->Illuminate\Foundation\{closure}(Object(App\Providers\AppServiceProvider), 12)
#17 C:\xampp\htdocs\schoolite-offline-v1\vendor\laravel\framework\src\Illuminate\Foundation\Application.php(753): array_walk(Array, Object(Closure))
#18 C:\xampp\htdocs\schoolite-offline-v1\vendor\laravel\framework\src\Illuminate\Foundation\Bootstrap\BootProviders.php(17): Illuminate\Foundation\Application->boot()
#19 C:\xampp\htdocs\schoolite-offline-v1\vendor\laravel\framework\src\Illuminate\Foundation\Application.php(203): Illuminate\Foundation\Bootstrap\BootProviders->bootstrap(Object(Illuminate\Foundation\Application))
#20 C:\xampp\htdocs\schoolite-offline-v1\vendor\laravel\framework\src\Illuminate\Foundation\Http\Kernel.php(253): Illuminate\Foundation\Application->bootstrapWith(Array)
#21 C:\xampp\htdocs\schoolite-offline-v1\vendor\laravel\framework\src\Illuminate\Foundation\Http\Kernel.php(144): Illuminate\Foundation\Http\Kernel->bootstrap()
#22 C:\xampp\htdocs\schoolite-offline-v1\vendor\laravel\framework\src\Illuminate\Foundation\Http\Kernel.php(116): Illuminate\Foundation\Http\Kernel->sendRequestThroughRouter(Object(Illuminate\Http\Request))
#23 C:\xampp\htdocs\schoolite-offline-v1\public\index.php(53): Illuminate\Foundation\Http\Kernel->handle(Object(Illuminate\Http\Request))
#24 {main}  
[2016-11-15 08:00:48] local.ERROR: PDOException: SQLSTATE[HY000] [2002] No connection could be made because the target machine actively refused it.
 in C:\xampp\htdocs\schoolite-offline-v1\vendor\laravel\framework\src\Illuminate\Database\Connectors\Connector.php:119
Stack trace:
#0 C:\xampp\htdocs\schoolite-offline-v1\vendor\laravel\framework\src\Illuminate\Database\Connectors\Connector.php(119): PDO->__construct('mysql:host=127....', 'redehubng', 'Islam4you', Array)
#1 C:\xampp\htdocs\schoolite-offline-v1\vendor\laravel\framework\src\Illuminate\Database\Connectors\Connector.php(56): Illuminate\Database\Connectors\Connector->createPdoConnection('mysql:host=127....', 'redehubng', 'Islam4you', Array)
#2 C:\xampp\htdocs\schoolite-offline-v1\vendor\laravel\framework\src\Illuminate\Database\Connectors\MySqlConnector.php(24): Illuminate\Database\Connectors\Connector->createConnection('mysql:host=127....', Array, Array)
#3 C:\xampp\htdocs\schoolite-offline-v1\vendor\laravel\framework\src\Illuminate\Database\Connectors\ConnectionFactory.php(100): Illuminate\Database\Connectors\MySqlConnector->connect(Array)
#4 [internal function]: Illuminate\Database\Connectors\ConnectionFactory->Illuminate\Database\Connectors\{closure}()
#5 C:\xampp\htdocs\schoolite-offline-v1\vendor\laravel\framework\src\Illuminate\Database\Connection.php(956): call_user_func(Object(Closure))
#6 C:\xampp\htdocs\schoolite-offline-v1\vendor\laravel\framework\src\Illuminate\Database\Connection.php(824): Illuminate\Database\Connection->getPdo()
#7 C:\xampp\htdocs\schoolite-offline-v1\vendor\laravel\framework\src\Illuminate\Database\Connection.php(709): Illuminate\Database\Connection->reconnectIfMissingConnection()
#8 C:\xampp\htdocs\schoolite-offline-v1\vendor\laravel\framework\src\Illuminate\Database\Connection.php(351): Illuminate\Database\Connection->run('select * from i...', Array, Object(Closure))
#9 C:\xampp\htdocs\schoolite-offline-v1\vendor\laravel\framework\src\Illuminate\Database\Schema\MySqlBuilder.php(21): Illuminate\Database\Connection->select('select * from i...', Array)
#10 C:\xampp\htdocs\schoolite-offline-v1\vendor\laravel\framework\src\Illuminate\Support\Facades\Facade.php(237): Illuminate\Database\Schema\MySqlBuilder->hasTable('sessions')
#11 C:\xampp\htdocs\schoolite-offline-v1\app\Providers\AppServiceProvider.php(22): Illuminate\Support\Facades\Facade::__callStatic('hasTable', Array)
#12 [internal function]: App\Providers\AppServiceProvider->boot()
#13 C:\xampp\htdocs\schoolite-offline-v1\vendor\laravel\framework\src\Illuminate\Container\Container.php(508): call_user_func_array(Array, Array)
#14 C:\xampp\htdocs\schoolite-offline-v1\vendor\laravel\framework\src\Illuminate\Foundation\Application.php(769): Illuminate\Container\Container->call(Array)
#15 C:\xampp\htdocs\schoolite-offline-v1\vendor\laravel\framework\src\Illuminate\Foundation\Application.php(752): Illuminate\Foundation\Application->bootProvider(Object(App\Providers\AppServiceProvider))
#16 [internal function]: Illuminate\Foundation\Application->Illuminate\Foundation\{closure}(Object(App\Providers\AppServiceProvider), 12)
#17 C:\xampp\htdocs\schoolite-offline-v1\vendor\laravel\framework\src\Illuminate\Foundation\Application.php(753): array_walk(Array, Object(Closure))
#18 C:\xampp\htdocs\schoolite-offline-v1\vendor\laravel\framework\src\Illuminate\Foundation\Bootstrap\BootProviders.php(17): Illuminate\Foundation\Application->boot()
#19 C:\xampp\htdocs\schoolite-offline-v1\vendor\laravel\framework\src\Illuminate\Foundation\Application.php(203): Illuminate\Foundation\Bootstrap\BootProviders->bootstrap(Object(Illuminate\Foundation\Application))
#20 C:\xampp\htdocs\schoolite-offline-v1\vendor\laravel\framework\src\Illuminate\Foundation\Http\Kernel.php(253): Illuminate\Foundation\Application->bootstrapWith(Array)
#21 C:\xampp\htdocs\schoolite-offline-v1\vendor\laravel\framework\src\Illuminate\Foundation\Http\Kernel.php(144): Illuminate\Foundation\Http\Kernel->bootstrap()
#22 C:\xampp\htdocs\schoolite-offline-v1\vendor\laravel\framework\src\Illuminate\Foundation\Http\Kernel.php(116): Illuminate\Foundation\Http\Kernel->sendRequestThroughRouter(Object(Illuminate\Http\Request))
#23 C:\xampp\htdocs\schoolite-offline-v1\public\index.php(53): Illuminate\Foundation\Http\Kernel->handle(Object(Illuminate\Http\Request))
#24 {main}  
[2016-11-15 08:01:04] local.ERROR: PDOException: SQLSTATE[HY000] [2002] No connection could be made because the target machine actively refused it.
 in C:\xampp\htdocs\schoolite-offline-v1\vendor\laravel\framework\src\Illuminate\Database\Connectors\Connector.php:119
Stack trace:
#0 C:\xampp\htdocs\schoolite-offline-v1\vendor\laravel\framework\src\Illuminate\Database\Connectors\Connector.php(119): PDO->__construct('mysql:host=127....', 'redehubng', 'Islam4you', Array)
#1 C:\xampp\htdocs\schoolite-offline-v1\vendor\laravel\framework\src\Illuminate\Database\Connectors\Connector.php(56): Illuminate\Database\Connectors\Connector->createPdoConnection('mysql:host=127....', 'redehubng', 'Islam4you', Array)
#2 C:\xampp\htdocs\schoolite-offline-v1\vendor\laravel\framework\src\Illuminate\Database\Connectors\MySqlConnector.php(24): Illuminate\Database\Connectors\Connector->createConnection('mysql:host=127....', Array, Array)
#3 C:\xampp\htdocs\schoolite-offline-v1\vendor\laravel\framework\src\Illuminate\Database\Connectors\ConnectionFactory.php(100): Illuminate\Database\Connectors\MySqlConnector->connect(Array)
#4 [internal function]: Illuminate\Database\Connectors\ConnectionFactory->Illuminate\Database\Connectors\{closure}()
#5 C:\xampp\htdocs\schoolite-offline-v1\vendor\laravel\framework\src\Illuminate\Database\Connection.php(956): call_user_func(Object(Closure))
#6 C:\xampp\htdocs\schoolite-offline-v1\vendor\laravel\framework\src\Illuminate\Database\Connection.php(824): Illuminate\Database\Connection->getPdo()
#7 C:\xampp\htdocs\schoolite-offline-v1\vendor\laravel\framework\src\Illuminate\Database\Connection.php(709): Illuminate\Database\Connection->reconnectIfMissingConnection()
#8 C:\xampp\htdocs\schoolite-offline-v1\vendor\laravel\framework\src\Illuminate\Database\Connection.php(351): Illuminate\Database\Connection->run('select * from i...', Array, Object(Closure))
#9 C:\xampp\htdocs\schoolite-offline-v1\vendor\laravel\framework\src\Illuminate\Database\Schema\MySqlBuilder.php(21): Illuminate\Database\Connection->select('select * from i...', Array)
#10 C:\xampp\htdocs\schoolite-offline-v1\vendor\laravel\framework\src\Illuminate\Support\Facades\Facade.php(237): Illuminate\Database\Schema\MySqlBuilder->hasTable('sessions')
#11 C:\xampp\htdocs\schoolite-offline-v1\app\Providers\AppServiceProvider.php(22): Illuminate\Support\Facades\Facade::__callStatic('hasTable', Array)
#12 [internal function]: App\Providers\AppServiceProvider->boot()
#13 C:\xampp\htdocs\schoolite-offline-v1\vendor\laravel\framework\src\Illuminate\Container\Container.php(508): call_user_func_array(Array, Array)
#14 C:\xampp\htdocs\schoolite-offline-v1\vendor\laravel\framework\src\Illuminate\Foundation\Application.php(769): Illuminate\Container\Container->call(Array)
#15 C:\xampp\htdocs\schoolite-offline-v1\vendor\laravel\framework\src\Illuminate\Foundation\Application.php(752): Illuminate\Foundation\Application->bootProvider(Object(App\Providers\AppServiceProvider))
#16 [internal function]: Illuminate\Foundation\Application->Illuminate\Foundation\{closure}(Object(App\Providers\AppServiceProvider), 12)
#17 C:\xampp\htdocs\schoolite-offline-v1\vendor\laravel\framework\src\Illuminate\Foundation\Application.php(753): array_walk(Array, Object(Closure))
#18 C:\xampp\htdocs\schoolite-offline-v1\vendor\laravel\framework\src\Illuminate\Foundation\Bootstrap\BootProviders.php(17): Illuminate\Foundation\Application->boot()
#19 C:\xampp\htdocs\schoolite-offline-v1\vendor\laravel\framework\src\Illuminate\Foundation\Application.php(203): Illuminate\Foundation\Bootstrap\BootProviders->bootstrap(Object(Illuminate\Foundation\Application))
#20 C:\xampp\htdocs\schoolite-offline-v1\vendor\laravel\framework\src\Illuminate\Foundation\Http\Kernel.php(253): Illuminate\Foundation\Application->bootstrapWith(Array)
#21 C:\xampp\htdocs\schoolite-offline-v1\vendor\laravel\framework\src\Illuminate\Foundation\Http\Kernel.php(144): Illuminate\Foundation\Http\Kernel->bootstrap()
#22 C:\xampp\htdocs\schoolite-offline-v1\vendor\laravel\framework\src\Illuminate\Foundation\Http\Kernel.php(116): Illuminate\Foundation\Http\Kernel->sendRequestThroughRouter(Object(Illuminate\Http\Request))
#23 C:\xampp\htdocs\schoolite-offline-v1\public\index.php(53): Illuminate\Foundation\Http\Kernel->handle(Object(Illuminate\Http\Request))
#24 {main}  
[2016-11-15 08:01:08] local.ERROR: PDOException: SQLSTATE[HY000] [2002] No connection could be made because the target machine actively refused it.
 in C:\xampp\htdocs\schoolite-offline-v1\vendor\laravel\framework\src\Illuminate\Database\Connectors\Connector.php:119
Stack trace:
#0 C:\xampp\htdocs\schoolite-offline-v1\vendor\laravel\framework\src\Illuminate\Database\Connectors\Connector.php(119): PDO->__construct('mysql:host=127....', 'redehubng', 'Islam4you', Array)
#1 C:\xampp\htdocs\schoolite-offline-v1\vendor\laravel\framework\src\Illuminate\Database\Connectors\Connector.php(56): Illuminate\Database\Connectors\Connector->createPdoConnection('mysql:host=127....', 'redehubng', 'Islam4you', Array)
#2 C:\xampp\htdocs\schoolite-offline-v1\vendor\laravel\framework\src\Illuminate\Database\Connectors\MySqlConnector.php(24): Illuminate\Database\Connectors\Connector->createConnection('mysql:host=127....', Array, Array)
#3 C:\xampp\htdocs\schoolite-offline-v1\vendor\laravel\framework\src\Illuminate\Database\Connectors\ConnectionFactory.php(100): Illuminate\Database\Connectors\MySqlConnector->connect(Array)
#4 [internal function]: Illuminate\Database\Connectors\ConnectionFactory->Illuminate\Database\Connectors\{closure}()
#5 C:\xampp\htdocs\schoolite-offline-v1\vendor\laravel\framework\src\Illuminate\Database\Connection.php(956): call_user_func(Object(Closure))
#6 C:\xampp\htdocs\schoolite-offline-v1\vendor\laravel\framework\src\Illuminate\Database\Connection.php(824): Illuminate\Database\Connection->getPdo()
#7 C:\xampp\htdocs\schoolite-offline-v1\vendor\laravel\framework\src\Illuminate\Database\Connection.php(709): Illuminate\Database\Connection->reconnectIfMissingConnection()
#8 C:\xampp\htdocs\schoolite-offline-v1\vendor\laravel\framework\src\Illuminate\Database\Connection.php(351): Illuminate\Database\Connection->run('select * from i...', Array, Object(Closure))
#9 C:\xampp\htdocs\schoolite-offline-v1\vendor\laravel\framework\src\Illuminate\Database\Schema\MySqlBuilder.php(21): Illuminate\Database\Connection->select('select * from i...', Array)
#10 C:\xampp\htdocs\schoolite-offline-v1\vendor\laravel\framework\src\Illuminate\Support\Facades\Facade.php(237): Illuminate\Database\Schema\MySqlBuilder->hasTable('sessions')
#11 C:\xampp\htdocs\schoolite-offline-v1\app\Providers\AppServiceProvider.php(22): Illuminate\Support\Facades\Facade::__callStatic('hasTable', Array)
#12 [internal function]: App\Providers\AppServiceProvider->boot()
#13 C:\xampp\htdocs\schoolite-offline-v1\vendor\laravel\framework\src\Illuminate\Container\Container.php(508): call_user_func_array(Array, Array)
#14 C:\xampp\htdocs\schoolite-offline-v1\vendor\laravel\framework\src\Illuminate\Foundation\Application.php(769): Illuminate\Container\Container->call(Array)
#15 C:\xampp\htdocs\schoolite-offline-v1\vendor\laravel\framework\src\Illuminate\Foundation\Application.php(752): Illuminate\Foundation\Application->bootProvider(Object(App\Providers\AppServiceProvider))
#16 [internal function]: Illuminate\Foundation\Application->Illuminate\Foundation\{closure}(Object(App\Providers\AppServiceProvider), 12)
#17 C:\xampp\htdocs\schoolite-offline-v1\vendor\laravel\framework\src\Illuminate\Foundation\Application.php(753): array_walk(Array, Object(Closure))
#18 C:\xampp\htdocs\schoolite-offline-v1\vendor\laravel\framework\src\Illuminate\Foundation\Bootstrap\BootProviders.php(17): Illuminate\Foundation\Application->boot()
#19 C:\xampp\htdocs\schoolite-offline-v1\vendor\laravel\framework\src\Illuminate\Foundation\Application.php(203): Illuminate\Foundation\Bootstrap\BootProviders->bootstrap(Object(Illuminate\Foundation\Application))
#20 C:\xampp\htdocs\schoolite-offline-v1\vendor\laravel\framework\src\Illuminate\Foundation\Http\Kernel.php(253): Illuminate\Foundation\Application->bootstrapWith(Array)
#21 C:\xampp\htdocs\schoolite-offline-v1\vendor\laravel\framework\src\Illuminate\Foundation\Http\Kernel.php(144): Illuminate\Foundation\Http\Kernel->bootstrap()
#22 C:\xampp\htdocs\schoolite-offline-v1\vendor\laravel\framework\src\Illuminate\Foundation\Http\Kernel.php(116): Illuminate\Foundation\Http\Kernel->sendRequestThroughRouter(Object(Illuminate\Http\Request))
#23 C:\xampp\htdocs\schoolite-offline-v1\public\index.php(53): Illuminate\Foundation\Http\Kernel->handle(Object(Illuminate\Http\Request))
#24 {main}  
[2016-11-15 08:01:13] local.ERROR: PDOException: SQLSTATE[HY000] [2002] No connection could be made because the target machine actively refused it.
 in C:\xampp\htdocs\schoolite-offline-v1\vendor\laravel\framework\src\Illuminate\Database\Connectors\Connector.php:119
Stack trace:
#0 C:\xampp\htdocs\schoolite-offline-v1\vendor\laravel\framework\src\Illuminate\Database\Connectors\Connector.php(119): PDO->__construct('mysql:host=127....', 'redehubng', 'Islam4you', Array)
#1 C:\xampp\htdocs\schoolite-offline-v1\vendor\laravel\framework\src\Illuminate\Database\Connectors\Connector.php(56): Illuminate\Database\Connectors\Connector->createPdoConnection('mysql:host=127....', 'redehubng', 'Islam4you', Array)
#2 C:\xampp\htdocs\schoolite-offline-v1\vendor\laravel\framework\src\Illuminate\Database\Connectors\MySqlConnector.php(24): Illuminate\Database\Connectors\Connector->createConnection('mysql:host=127....', Array, Array)
#3 C:\xampp\htdocs\schoolite-offline-v1\vendor\laravel\framework\src\Illuminate\Database\Connectors\ConnectionFactory.php(100): Illuminate\Database\Connectors\MySqlConnector->connect(Array)
#4 [internal function]: Illuminate\Database\Connectors\ConnectionFactory->Illuminate\Database\Connectors\{closure}()
#5 C:\xampp\htdocs\schoolite-offline-v1\vendor\laravel\framework\src\Illuminate\Database\Connection.php(956): call_user_func(Object(Closure))
#6 C:\xampp\htdocs\schoolite-offline-v1\vendor\laravel\framework\src\Illuminate\Database\Connection.php(824): Illuminate\Database\Connection->getPdo()
#7 C:\xampp\htdocs\schoolite-offline-v1\vendor\laravel\framework\src\Illuminate\Database\Connection.php(709): Illuminate\Database\Connection->reconnectIfMissingConnection()
#8 C:\xampp\htdocs\schoolite-offline-v1\vendor\laravel\framework\src\Illuminate\Database\Connection.php(351): Illuminate\Database\Connection->run('select * from i...', Array, Object(Closure))
#9 C:\xampp\htdocs\schoolite-offline-v1\vendor\laravel\framework\src\Illuminate\Database\Schema\MySqlBuilder.php(21): Illuminate\Database\Connection->select('select * from i...', Array)
#10 C:\xampp\htdocs\schoolite-offline-v1\vendor\laravel\framework\src\Illuminate\Support\Facades\Facade.php(237): Illuminate\Database\Schema\MySqlBuilder->hasTable('sessions')
#11 C:\xampp\htdocs\schoolite-offline-v1\app\Providers\AppServiceProvider.php(22): Illuminate\Support\Facades\Facade::__callStatic('hasTable', Array)
#12 [internal function]: App\Providers\AppServiceProvider->boot()
#13 C:\xampp\htdocs\schoolite-offline-v1\vendor\laravel\framework\src\Illuminate\Container\Container.php(508): call_user_func_array(Array, Array)
#14 C:\xampp\htdocs\schoolite-offline-v1\vendor\laravel\framework\src\Illuminate\Foundation\Application.php(769): Illuminate\Container\Container->call(Array)
#15 C:\xampp\htdocs\schoolite-offline-v1\vendor\laravel\framework\src\Illuminate\Foundation\Application.php(752): Illuminate\Foundation\Application->bootProvider(Object(App\Providers\AppServiceProvider))
#16 [internal function]: Illuminate\Foundation\Application->Illuminate\Foundation\{closure}(Object(App\Providers\AppServiceProvider), 12)
#17 C:\xampp\htdocs\schoolite-offline-v1\vendor\laravel\framework\src\Illuminate\Foundation\Application.php(753): array_walk(Array, Object(Closure))
#18 C:\xampp\htdocs\schoolite-offline-v1\vendor\laravel\framework\src\Illuminate\Foundation\Bootstrap\BootProviders.php(17): Illuminate\Foundation\Application->boot()
#19 C:\xampp\htdocs\schoolite-offline-v1\vendor\laravel\framework\src\Illuminate\Foundation\Application.php(203): Illuminate\Foundation\Bootstrap\BootProviders->bootstrap(Object(Illuminate\Foundation\Application))
#20 C:\xampp\htdocs\schoolite-offline-v1\vendor\laravel\framework\src\Illuminate\Foundation\Http\Kernel.php(253): Illuminate\Foundation\Application->bootstrapWith(Array)
#21 C:\xampp\htdocs\schoolite-offline-v1\vendor\laravel\framework\src\Illuminate\Foundation\Http\Kernel.php(144): Illuminate\Foundation\Http\Kernel->bootstrap()
#22 C:\xampp\htdocs\schoolite-offline-v1\vendor\laravel\framework\src\Illuminate\Foundation\Http\Kernel.php(116): Illuminate\Foundation\Http\Kernel->sendRequestThroughRouter(Object(Illuminate\Http\Request))
#23 C:\xampp\htdocs\schoolite-offline-v1\public\index.php(53): Illuminate\Foundation\Http\Kernel->handle(Object(Illuminate\Http\Request))
#24 {main}  
[2016-11-15 08:01:37] local.ERROR: PDOException: SQLSTATE[HY000] [2002] No connection could be made because the target machine actively refused it.
 in C:\xampp\htdocs\schoolite-offline-v1\vendor\laravel\framework\src\Illuminate\Database\Connectors\Connector.php:119
Stack trace:
#0 C:\xampp\htdocs\schoolite-offline-v1\vendor\laravel\framework\src\Illuminate\Database\Connectors\Connector.php(119): PDO->__construct('mysql:host=127....', 'redehubng', 'Islam4you', Array)
#1 C:\xampp\htdocs\schoolite-offline-v1\vendor\laravel\framework\src\Illuminate\Database\Connectors\Connector.php(56): Illuminate\Database\Connectors\Connector->createPdoConnection('mysql:host=127....', 'redehubng', 'Islam4you', Array)
#2 C:\xampp\htdocs\schoolite-offline-v1\vendor\laravel\framework\src\Illuminate\Database\Connectors\MySqlConnector.php(24): Illuminate\Database\Connectors\Connector->createConnection('mysql:host=127....', Array, Array)
#3 C:\xampp\htdocs\schoolite-offline-v1\vendor\laravel\framework\src\Illuminate\Database\Connectors\ConnectionFactory.php(100): Illuminate\Database\Connectors\MySqlConnector->connect(Array)
#4 [internal function]: Illuminate\Database\Connectors\ConnectionFactory->Illuminate\Database\Connectors\{closure}()
#5 C:\xampp\htdocs\schoolite-offline-v1\vendor\laravel\framework\src\Illuminate\Database\Connection.php(956): call_user_func(Object(Closure))
#6 C:\xampp\htdocs\schoolite-offline-v1\vendor\laravel\framework\src\Illuminate\Database\Connection.php(824): Illuminate\Database\Connection->getPdo()
#7 C:\xampp\htdocs\schoolite-offline-v1\vendor\laravel\framework\src\Illuminate\Database\Connection.php(709): Illuminate\Database\Connection->reconnectIfMissingConnection()
#8 C:\xampp\htdocs\schoolite-offline-v1\vendor\laravel\framework\src\Illuminate\Database\Connection.php(351): Illuminate\Database\Connection->run('select * from i...', Array, Object(Closure))
#9 C:\xampp\htdocs\schoolite-offline-v1\vendor\laravel\framework\src\Illuminate\Database\Schema\MySqlBuilder.php(21): Illuminate\Database\Connection->select('select * from i...', Array)
#10 C:\xampp\htdocs\schoolite-offline-v1\vendor\laravel\framework\src\Illuminate\Support\Facades\Facade.php(237): Illuminate\Database\Schema\MySqlBuilder->hasTable('sessions')
#11 C:\xampp\htdocs\schoolite-offline-v1\app\Providers\AppServiceProvider.php(22): Illuminate\Support\Facades\Facade::__callStatic('hasTable', Array)
#12 [internal function]: App\Providers\AppServiceProvider->boot()
#13 C:\xampp\htdocs\schoolite-offline-v1\vendor\laravel\framework\src\Illuminate\Container\Container.php(508): call_user_func_array(Array, Array)
#14 C:\xampp\htdocs\schoolite-offline-v1\vendor\laravel\framework\src\Illuminate\Foundation\Application.php(769): Illuminate\Container\Container->call(Array)
#15 C:\xampp\htdocs\schoolite-offline-v1\vendor\laravel\framework\src\Illuminate\Foundation\Application.php(752): Illuminate\Foundation\Application->bootProvider(Object(App\Providers\AppServiceProvider))
#16 [internal function]: Illuminate\Foundation\Application->Illuminate\Foundation\{closure}(Object(App\Providers\AppServiceProvider), 12)
#17 C:\xampp\htdocs\schoolite-offline-v1\vendor\laravel\framework\src\Illuminate\Foundation\Application.php(753): array_walk(Array, Object(Closure))
#18 C:\xampp\htdocs\schoolite-offline-v1\vendor\laravel\framework\src\Illuminate\Foundation\Bootstrap\BootProviders.php(17): Illuminate\Foundation\Application->boot()
#19 C:\xampp\htdocs\schoolite-offline-v1\vendor\laravel\framework\src\Illuminate\Foundation\Application.php(203): Illuminate\Foundation\Bootstrap\BootProviders->bootstrap(Object(Illuminate\Foundation\Application))
#20 C:\xampp\htdocs\schoolite-offline-v1\vendor\laravel\framework\src\Illuminate\Foundation\Console\Kernel.php(262): Illuminate\Foundation\Application->bootstrapWith(Array)
#21 C:\xampp\htdocs\schoolite-offline-v1\vendor\laravel\framework\src\Illuminate\Foundation\Console\Kernel.php(114): Illuminate\Foundation\Console\Kernel->bootstrap()
#22 C:\xampp\htdocs\schoolite-offline-v1\artisan(35): Illuminate\Foundation\Console\Kernel->handle(Object(Symfony\Component\Console\Input\ArgvInput), Object(Symfony\Component\Console\Output\ConsoleOutput))
#23 {main}  
[2016-11-15 08:02:05] local.ERROR: PDOException: SQLSTATE[HY000] [2002] No connection could be made because the target machine actively refused it.
 in C:\xampp\htdocs\schoolite-offline-v1\vendor\laravel\framework\src\Illuminate\Database\Connectors\Connector.php:119
Stack trace:
#0 C:\xampp\htdocs\schoolite-offline-v1\vendor\laravel\framework\src\Illuminate\Database\Connectors\Connector.php(119): PDO->__construct('mysql:host=127....', 'redehubng', 'Islam4you', Array)
#1 C:\xampp\htdocs\schoolite-offline-v1\vendor\laravel\framework\src\Illuminate\Database\Connectors\Connector.php(56): Illuminate\Database\Connectors\Connector->createPdoConnection('mysql:host=127....', 'redehubng', 'Islam4you', Array)
#2 C:\xampp\htdocs\schoolite-offline-v1\vendor\laravel\framework\src\Illuminate\Database\Connectors\MySqlConnector.php(24): Illuminate\Database\Connectors\Connector->createConnection('mysql:host=127....', Array, Array)
#3 C:\xampp\htdocs\schoolite-offline-v1\vendor\laravel\framework\src\Illuminate\Database\Connectors\ConnectionFactory.php(100): Illuminate\Database\Connectors\MySqlConnector->connect(Array)
#4 [internal function]: Illuminate\Database\Connectors\ConnectionFactory->Illuminate\Database\Connectors\{closure}()
#5 C:\xampp\htdocs\schoolite-offline-v1\vendor\laravel\framework\src\Illuminate\Database\Connection.php(956): call_user_func(Object(Closure))
#6 C:\xampp\htdocs\schoolite-offline-v1\vendor\laravel\framework\src\Illuminate\Database\Connection.php(824): Illuminate\Database\Connection->getPdo()
#7 C:\xampp\htdocs\schoolite-offline-v1\vendor\laravel\framework\src\Illuminate\Database\Connection.php(709): Illuminate\Database\Connection->reconnectIfMissingConnection()
#8 C:\xampp\htdocs\schoolite-offline-v1\vendor\laravel\framework\src\Illuminate\Database\Connection.php(351): Illuminate\Database\Connection->run('select * from i...', Array, Object(Closure))
#9 C:\xampp\htdocs\schoolite-offline-v1\vendor\laravel\framework\src\Illuminate\Database\Schema\MySqlBuilder.php(21): Illuminate\Database\Connection->select('select * from i...', Array)
#10 C:\xampp\htdocs\schoolite-offline-v1\vendor\laravel\framework\src\Illuminate\Support\Facades\Facade.php(237): Illuminate\Database\Schema\MySqlBuilder->hasTable('sessions')
#11 C:\xampp\htdocs\schoolite-offline-v1\app\Providers\AppServiceProvider.php(22): Illuminate\Support\Facades\Facade::__callStatic('hasTable', Array)
#12 [internal function]: App\Providers\AppServiceProvider->boot()
#13 C:\xampp\htdocs\schoolite-offline-v1\vendor\laravel\framework\src\Illuminate\Container\Container.php(508): call_user_func_array(Array, Array)
#14 C:\xampp\htdocs\schoolite-offline-v1\vendor\laravel\framework\src\Illuminate\Foundation\Application.php(769): Illuminate\Container\Container->call(Array)
#15 C:\xampp\htdocs\schoolite-offline-v1\vendor\laravel\framework\src\Illuminate\Foundation\Application.php(752): Illuminate\Foundation\Application->bootProvider(Object(App\Providers\AppServiceProvider))
#16 [internal function]: Illuminate\Foundation\Application->Illuminate\Foundation\{closure}(Object(App\Providers\AppServiceProvider), 12)
#17 C:\xampp\htdocs\schoolite-offline-v1\vendor\laravel\framework\src\Illuminate\Foundation\Application.php(753): array_walk(Array, Object(Closure))
#18 C:\xampp\htdocs\schoolite-offline-v1\vendor\laravel\framework\src\Illuminate\Foundation\Bootstrap\BootProviders.php(17): Illuminate\Foundation\Application->boot()
#19 C:\xampp\htdocs\schoolite-offline-v1\vendor\laravel\framework\src\Illuminate\Foundation\Application.php(203): Illuminate\Foundation\Bootstrap\BootProviders->bootstrap(Object(Illuminate\Foundation\Application))
#20 C:\xampp\htdocs\schoolite-offline-v1\vendor\laravel\framework\src\Illuminate\Foundation\Console\Kernel.php(262): Illuminate\Foundation\Application->bootstrapWith(Array)
#21 C:\xampp\htdocs\schoolite-offline-v1\vendor\laravel\framework\src\Illuminate\Foundation\Console\Kernel.php(114): Illuminate\Foundation\Console\Kernel->bootstrap()
#22 C:\xampp\htdocs\schoolite-offline-v1\artisan(35): Illuminate\Foundation\Console\Kernel->handle(Object(Symfony\Component\Console\Input\ArgvInput), Object(Symfony\Component\Console\Output\ConsoleOutput))
#23 {main}  
[2016-11-15 08:02:10] local.ERROR: PDOException: SQLSTATE[HY000] [2002] No connection could be made because the target machine actively refused it.
 in C:\xampp\htdocs\schoolite-offline-v1\vendor\laravel\framework\src\Illuminate\Database\Connectors\Connector.php:119
Stack trace:
#0 C:\xampp\htdocs\schoolite-offline-v1\vendor\laravel\framework\src\Illuminate\Database\Connectors\Connector.php(119): PDO->__construct('mysql:host=127....', 'redehubng', 'Islam4you', Array)
#1 C:\xampp\htdocs\schoolite-offline-v1\vendor\laravel\framework\src\Illuminate\Database\Connectors\Connector.php(56): Illuminate\Database\Connectors\Connector->createPdoConnection('mysql:host=127....', 'redehubng', 'Islam4you', Array)
#2 C:\xampp\htdocs\schoolite-offline-v1\vendor\laravel\framework\src\Illuminate\Database\Connectors\MySqlConnector.php(24): Illuminate\Database\Connectors\Connector->createConnection('mysql:host=127....', Array, Array)
#3 C:\xampp\htdocs\schoolite-offline-v1\vendor\laravel\framework\src\Illuminate\Database\Connectors\ConnectionFactory.php(100): Illuminate\Database\Connectors\MySqlConnector->connect(Array)
#4 [internal function]: Illuminate\Database\Connectors\ConnectionFactory->Illuminate\Database\Connectors\{closure}()
#5 C:\xampp\htdocs\schoolite-offline-v1\vendor\laravel\framework\src\Illuminate\Database\Connection.php(956): call_user_func(Object(Closure))
#6 C:\xampp\htdocs\schoolite-offline-v1\vendor\laravel\framework\src\Illuminate\Database\Connection.php(824): Illuminate\Database\Connection->getPdo()
#7 C:\xampp\htdocs\schoolite-offline-v1\vendor\laravel\framework\src\Illuminate\Database\Connection.php(709): Illuminate\Database\Connection->reconnectIfMissingConnection()
#8 C:\xampp\htdocs\schoolite-offline-v1\vendor\laravel\framework\src\Illuminate\Database\Connection.php(351): Illuminate\Database\Connection->run('select * from i...', Array, Object(Closure))
#9 C:\xampp\htdocs\schoolite-offline-v1\vendor\laravel\framework\src\Illuminate\Database\Schema\MySqlBuilder.php(21): Illuminate\Database\Connection->select('select * from i...', Array)
#10 C:\xampp\htdocs\schoolite-offline-v1\vendor\laravel\framework\src\Illuminate\Support\Facades\Facade.php(237): Illuminate\Database\Schema\MySqlBuilder->hasTable('sessions')
#11 C:\xampp\htdocs\schoolite-offline-v1\app\Providers\AppServiceProvider.php(22): Illuminate\Support\Facades\Facade::__callStatic('hasTable', Array)
#12 [internal function]: App\Providers\AppServiceProvider->boot()
#13 C:\xampp\htdocs\schoolite-offline-v1\vendor\laravel\framework\src\Illuminate\Container\Container.php(508): call_user_func_array(Array, Array)
#14 C:\xampp\htdocs\schoolite-offline-v1\vendor\laravel\framework\src\Illuminate\Foundation\Application.php(769): Illuminate\Container\Container->call(Array)
#15 C:\xampp\htdocs\schoolite-offline-v1\vendor\laravel\framework\src\Illuminate\Foundation\Application.php(752): Illuminate\Foundation\Application->bootProvider(Object(App\Providers\AppServiceProvider))
#16 [internal function]: Illuminate\Foundation\Application->Illuminate\Foundation\{closure}(Object(App\Providers\AppServiceProvider), 12)
#17 C:\xampp\htdocs\schoolite-offline-v1\vendor\laravel\framework\src\Illuminate\Foundation\Application.php(753): array_walk(Array, Object(Closure))
#18 C:\xampp\htdocs\schoolite-offline-v1\vendor\laravel\framework\src\Illuminate\Foundation\Bootstrap\BootProviders.php(17): Illuminate\Foundation\Application->boot()
#19 C:\xampp\htdocs\schoolite-offline-v1\vendor\laravel\framework\src\Illuminate\Foundation\Application.php(203): Illuminate\Foundation\Bootstrap\BootProviders->bootstrap(Object(Illuminate\Foundation\Application))
#20 C:\xampp\htdocs\schoolite-offline-v1\vendor\laravel\framework\src\Illuminate\Foundation\Console\Kernel.php(262): Illuminate\Foundation\Application->bootstrapWith(Array)
#21 C:\xampp\htdocs\schoolite-offline-v1\vendor\laravel\framework\src\Illuminate\Foundation\Console\Kernel.php(114): Illuminate\Foundation\Console\Kernel->bootstrap()
#22 C:\xampp\htdocs\schoolite-offline-v1\artisan(35): Illuminate\Foundation\Console\Kernel->handle(Object(Symfony\Component\Console\Input\ArgvInput), Object(Symfony\Component\Console\Output\ConsoleOutput))
#23 {main}  
[2016-11-15 08:02:20] local.ERROR: PDOException: SQLSTATE[HY000] [2002] No connection could be made because the target machine actively refused it.
 in C:\xampp\htdocs\schoolite-offline-v1\vendor\laravel\framework\src\Illuminate\Database\Connectors\Connector.php:119
Stack trace:
#0 C:\xampp\htdocs\schoolite-offline-v1\vendor\laravel\framework\src\Illuminate\Database\Connectors\Connector.php(119): PDO->__construct('mysql:host=127....', 'redehubng', 'Islam4you', Array)
#1 C:\xampp\htdocs\schoolite-offline-v1\vendor\laravel\framework\src\Illuminate\Database\Connectors\Connector.php(56): Illuminate\Database\Connectors\Connector->createPdoConnection('mysql:host=127....', 'redehubng', 'Islam4you', Array)
#2 C:\xampp\htdocs\schoolite-offline-v1\vendor\laravel\framework\src\Illuminate\Database\Connectors\MySqlConnector.php(24): Illuminate\Database\Connectors\Connector->createConnection('mysql:host=127....', Array, Array)
#3 C:\xampp\htdocs\schoolite-offline-v1\vendor\laravel\framework\src\Illuminate\Database\Connectors\ConnectionFactory.php(100): Illuminate\Database\Connectors\MySqlConnector->connect(Array)
#4 [internal function]: Illuminate\Database\Connectors\ConnectionFactory->Illuminate\Database\Connectors\{closure}()
#5 C:\xampp\htdocs\schoolite-offline-v1\vendor\laravel\framework\src\Illuminate\Database\Connection.php(956): call_user_func(Object(Closure))
#6 C:\xampp\htdocs\schoolite-offline-v1\vendor\laravel\framework\src\Illuminate\Database\Connection.php(824): Illuminate\Database\Connection->getPdo()
#7 C:\xampp\htdocs\schoolite-offline-v1\vendor\laravel\framework\src\Illuminate\Database\Connection.php(709): Illuminate\Database\Connection->reconnectIfMissingConnection()
#8 C:\xampp\htdocs\schoolite-offline-v1\vendor\laravel\framework\src\Illuminate\Database\Connection.php(351): Illuminate\Database\Connection->run('select * from i...', Array, Object(Closure))
#9 C:\xampp\htdocs\schoolite-offline-v1\vendor\laravel\framework\src\Illuminate\Database\Schema\MySqlBuilder.php(21): Illuminate\Database\Connection->select('select * from i...', Array)
#10 C:\xampp\htdocs\schoolite-offline-v1\vendor\laravel\framework\src\Illuminate\Support\Facades\Facade.php(237): Illuminate\Database\Schema\MySqlBuilder->hasTable('sessions')
#11 C:\xampp\htdocs\schoolite-offline-v1\app\Providers\AppServiceProvider.php(22): Illuminate\Support\Facades\Facade::__callStatic('hasTable', Array)
#12 [internal function]: App\Providers\AppServiceProvider->boot()
#13 C:\xampp\htdocs\schoolite-offline-v1\vendor\laravel\framework\src\Illuminate\Container\Container.php(508): call_user_func_array(Array, Array)
#14 C:\xampp\htdocs\schoolite-offline-v1\vendor\laravel\framework\src\Illuminate\Foundation\Application.php(769): Illuminate\Container\Container->call(Array)
#15 C:\xampp\htdocs\schoolite-offline-v1\vendor\laravel\framework\src\Illuminate\Foundation\Application.php(752): Illuminate\Foundation\Application->bootProvider(Object(App\Providers\AppServiceProvider))
#16 [internal function]: Illuminate\Foundation\Application->Illuminate\Foundation\{closure}(Object(App\Providers\AppServiceProvider), 12)
#17 C:\xampp\htdocs\schoolite-offline-v1\vendor\laravel\framework\src\Illuminate\Foundation\Application.php(753): array_walk(Array, Object(Closure))
#18 C:\xampp\htdocs\schoolite-offline-v1\vendor\laravel\framework\src\Illuminate\Foundation\Bootstrap\BootProviders.php(17): Illuminate\Foundation\Application->boot()
#19 C:\xampp\htdocs\schoolite-offline-v1\vendor\laravel\framework\src\Illuminate\Foundation\Application.php(203): Illuminate\Foundation\Bootstrap\BootProviders->bootstrap(Object(Illuminate\Foundation\Application))
#20 C:\xampp\htdocs\schoolite-offline-v1\vendor\laravel\framework\src\Illuminate\Foundation\Console\Kernel.php(262): Illuminate\Foundation\Application->bootstrapWith(Array)
#21 C:\xampp\htdocs\schoolite-offline-v1\vendor\laravel\framework\src\Illuminate\Foundation\Console\Kernel.php(114): Illuminate\Foundation\Console\Kernel->bootstrap()
#22 C:\xampp\htdocs\schoolite-offline-v1\artisan(35): Illuminate\Foundation\Console\Kernel->handle(Object(Symfony\Component\Console\Input\ArgvInput), Object(Symfony\Component\Console\Output\ConsoleOutput))
#23 {main}  
